2024-05-24 18:07:16.652 [info] Log level: Info
2024-05-24 18:07:16.652 [info] Validating found git in: "git"
2024-05-24 18:07:16.652 [info] Using git "2.42.0" from "git"
2024-05-24 18:07:16.802 [info] > git rev-parse --show-toplevel [345ms]
2024-05-24 18:07:16.924 [info] > git rev-parse --show-toplevel [33ms]
2024-05-24 18:07:17.018 [info] > git rev-parse --show-toplevel [47ms]
2024-05-24 18:07:25.882 [info] > git rev-parse --show-toplevel [8762ms]
2024-05-24 18:07:26.609 [info] > git rev-parse --show-toplevel [636ms]
2024-05-24 18:07:26.782 [info] > git rev-parse --show-toplevel [60ms]
2024-05-24 18:07:41.167 [info] > git rev-parse --show-toplevel [31ms]
2024-05-24 18:13:32.596 [info] > git rev-parse --show-toplevel [10ms]
2024-05-24 18:13:32.644 [info] > git rev-parse --git-dir --git-common-dir [15ms]
2024-05-24 18:13:32.683 [info] Open repository: /home/user
2024-05-24 18:13:32.728 [info] > git config --get commit.template [23ms]
2024-05-24 18:13:32.736 [info] > git for-each-ref --format=%(refname)%00%(upstream:short)%00%(objectname)%00%(upstream:track)%00%(upstream:remotename)%00%(upstream:remoteref) refs/heads/main refs/remotes/main [12ms]
2024-05-24 18:13:33.297 [info] > git show --textconv :app-firebase/src/config/config.js [56ms]
2024-05-24 18:13:33.358 [info] > git ls-files --stage -- /home/user/app-firebase/src/config/config.js [63ms]
2024-05-24 18:13:33.373 [info] > git check-ignore -v -z --stdin [17ms]
2024-05-24 18:13:34.564 [info] > git status -z -uall [1812ms]
2024-05-24 18:13:34.645 [info] > git config --get commit.template [19ms]
2024-05-24 18:13:34.649 [info] > git for-each-ref --format=%(refname)%00%(upstream:short)%00%(objectname)%00%(upstream:track)%00%(upstream:remotename)%00%(upstream:remoteref) refs/heads/main refs/remotes/main [8ms]
2024-05-24 18:13:35.311 [info] > git status -z -uall [645ms]
2024-05-24 18:13:39.392 [info] > git config --get commit.template [26ms]
2024-05-24 18:13:39.396 [info] > git for-each-ref --format=%(refname)%00%(upstream:short)%00%(objectname)%00%(upstream:track)%00%(upstream:remotename)%00%(upstream:remoteref) refs/heads/main refs/remotes/main [7ms]
2024-05-24 18:13:39.840 [info] > git status -z -uall [419ms]
2024-05-24 18:13:44.912 [info] > git config --get commit.template [19ms]
2024-05-24 18:13:44.917 [info] > git for-each-ref --format=%(refname)%00%(upstream:short)%00%(objectname)%00%(upstream:track)%00%(upstream:remotename)%00%(upstream:remoteref) refs/heads/main refs/remotes/main [7ms]
2024-05-24 18:13:45.335 [info] > git status -z -uall [401ms]
2024-05-24 18:13:50.392 [info] > git config --get commit.template [19ms]
2024-05-24 18:13:50.395 [info] > git for-each-ref --format=%(refname)%00%(upstream:short)%00%(objectname)%00%(upstream:track)%00%(upstream:remotename)%00%(upstream:remoteref) refs/heads/main refs/remotes/main [5ms]
2024-05-24 18:13:50.777 [info] > git status -z -uall [363ms]
2024-05-24 18:14:00.506 [info] > git config --get commit.template [19ms]
2024-05-24 18:14:00.510 [info] > git for-each-ref --format=%(refname)%00%(upstream:short)%00%(objectname)%00%(upstream:track)%00%(upstream:remotename)%00%(upstream:remoteref) refs/heads/main refs/remotes/main [5ms]
2024-05-24 18:14:00.898 [info] > git status -z -uall [372ms]
2024-05-24 18:14:05.975 [info] > git config --get commit.template [21ms]
2024-05-24 18:14:05.979 [info] > git for-each-ref --format=%(refname)%00%(upstream:short)%00%(objectname)%00%(upstream:track)%00%(upstream:remotename)%00%(upstream:remoteref) refs/heads/main refs/remotes/main [6ms]
2024-05-24 18:14:06.392 [info] > git status -z -uall [398ms]
2024-05-24 18:14:07.714 [info] > git check-ignore -v -z --stdin [6ms]
2024-05-24 18:14:15.359 [info] > git config --get commit.template [20ms]
2024-05-24 18:14:15.364 [info] > git for-each-ref --format=%(refname)%00%(upstream:short)%00%(objectname)%00%(upstream:track)%00%(upstream:remotename)%00%(upstream:remoteref) refs/heads/main refs/remotes/main [6ms]
2024-05-24 18:14:15.760 [info] > git status -z -uall [380ms]
2024-05-24 18:14:20.827 [info] > git config --get commit.template [20ms]
2024-05-24 18:14:20.831 [info] > git for-each-ref --format=%(refname)%00%(upstream:short)%00%(objectname)%00%(upstream:track)%00%(upstream:remotename)%00%(upstream:remoteref) refs/heads/main refs/remotes/main [7ms]
2024-05-24 18:14:21.242 [info] > git status -z -uall [396ms]
2024-05-24 18:14:28.064 [info] > git config --get commit.template [21ms]
2024-05-24 18:14:28.067 [info] > git for-each-ref --format=%(refname)%00%(upstream:short)%00%(objectname)%00%(upstream:track)%00%(upstream:remotename)%00%(upstream:remoteref) refs/heads/main refs/remotes/main [7ms]
2024-05-24 18:14:28.488 [info] > git status -z -uall [405ms]
2024-05-24 18:14:33.558 [info] > git config --get commit.template [20ms]
2024-05-24 18:14:33.561 [info] > git for-each-ref --format=%(refname)%00%(upstream:short)%00%(objectname)%00%(upstream:track)%00%(upstream:remotename)%00%(upstream:remoteref) refs/heads/main refs/remotes/main [5ms]
2024-05-24 18:14:33.946 [info] > git status -z -uall [370ms]
2024-05-24 18:14:39.015 [info] > git config --get commit.template [21ms]
2024-05-24 18:14:39.019 [info] > git for-each-ref --format=%(refname)%00%(upstream:short)%00%(objectname)%00%(upstream:track)%00%(upstream:remotename)%00%(upstream:remoteref) refs/heads/main refs/remotes/main [7ms]
2024-05-24 18:14:39.629 [info] > git status -z -uall [593ms]
2024-05-24 18:14:42.608 [info] > git check-ignore -v -z --stdin [5ms]
2024-05-24 18:14:42.805 [info] > git show --textconv :app-firebase/src/pages/indexMenu.jsx [32ms]
2024-05-24 18:14:42.818 [info] > git ls-files --stage -- /home/user/app-firebase/src/pages/indexMenu.jsx [15ms]
2024-05-24 18:14:48.523 [info] > git config --get commit.template [21ms]
2024-05-24 18:14:48.527 [info] > git for-each-ref --format=%(refname)%00%(upstream:short)%00%(objectname)%00%(upstream:track)%00%(upstream:remotename)%00%(upstream:remoteref) refs/heads/main refs/remotes/main [6ms]
2024-05-24 18:14:48.922 [info] > git status -z -uall [380ms]
2024-05-24 18:14:56.299 [info] > git config --get commit.template [20ms]
2024-05-24 18:14:56.305 [info] > git for-each-ref --format=%(refname)%00%(upstream:short)%00%(objectname)%00%(upstream:track)%00%(upstream:remotename)%00%(upstream:remoteref) refs/heads/main refs/remotes/main [8ms]
2024-05-24 18:14:56.711 [info] > git status -z -uall [388ms]
2024-05-24 18:15:01.773 [info] > git config --get commit.template [21ms]
2024-05-24 18:15:01.780 [info] > git for-each-ref --format=%(refname)%00%(upstream:short)%00%(objectname)%00%(upstream:track)%00%(upstream:remotename)%00%(upstream:remoteref) refs/heads/main refs/remotes/main [8ms]
2024-05-24 18:15:02.173 [info] > git status -z -uall [375ms]
2024-05-24 18:15:05.335 [info] > git show --textconv :app-firebase/src/pages/moviesList.jsx [26ms]
2024-05-24 18:15:05.341 [info] > git ls-files --stage -- /home/user/app-firebase/src/pages/moviesList.jsx [10ms]
2024-05-24 18:15:05.415 [info] > git check-ignore -v -z --stdin [19ms]
2024-05-24 18:15:11.184 [info] > git config --get commit.template [18ms]
2024-05-24 18:15:11.188 [info] > git for-each-ref --format=%(refname)%00%(upstream:short)%00%(objectname)%00%(upstream:track)%00%(upstream:remotename)%00%(upstream:remoteref) refs/heads/main refs/remotes/main [6ms]
2024-05-24 18:15:11.617 [info] > git status -z -uall [413ms]
2024-05-24 18:15:16.678 [info] > git config --get commit.template [20ms]
2024-05-24 18:15:16.682 [info] > git for-each-ref --format=%(refname)%00%(upstream:short)%00%(objectname)%00%(upstream:track)%00%(upstream:remotename)%00%(upstream:remoteref) refs/heads/main refs/remotes/main [6ms]
2024-05-24 18:15:17.097 [info] > git status -z -uall [397ms]
2024-05-24 18:15:22.169 [info] > git config --get commit.template [21ms]
2024-05-24 18:15:22.173 [info] > git for-each-ref --format=%(refname)%00%(upstream:short)%00%(objectname)%00%(upstream:track)%00%(upstream:remotename)%00%(upstream:remoteref) refs/heads/main refs/remotes/main [5ms]
2024-05-24 18:15:22.600 [info] > git status -z -uall [412ms]
2024-05-24 18:15:27.674 [info] > git config --get commit.template [22ms]
2024-05-24 18:15:27.678 [info] > git for-each-ref --format=%(refname)%00%(upstream:short)%00%(objectname)%00%(upstream:track)%00%(upstream:remotename)%00%(upstream:remoteref) refs/heads/main refs/remotes/main [6ms]
2024-05-24 18:15:28.078 [info] > git status -z -uall [385ms]
2024-05-24 18:15:33.139 [info] > git config --get commit.template [21ms]
2024-05-24 18:15:33.143 [info] > git for-each-ref --format=%(refname)%00%(upstream:short)%00%(objectname)%00%(upstream:track)%00%(upstream:remotename)%00%(upstream:remoteref) refs/heads/main refs/remotes/main [7ms]
2024-05-24 18:15:33.559 [info] > git status -z -uall [401ms]
2024-05-24 18:15:38.620 [info] > git config --get commit.template [20ms]
2024-05-24 18:15:38.624 [info] > git for-each-ref --format=%(refname)%00%(upstream:short)%00%(objectname)%00%(upstream:track)%00%(upstream:remotename)%00%(upstream:remoteref) refs/heads/main refs/remotes/main [6ms]
2024-05-24 18:15:39.017 [info] > git status -z -uall [375ms]
2024-05-24 18:16:06.128 [info] > git config --get commit.template [20ms]
2024-05-24 18:16:06.132 [info] > git for-each-ref --format=%(refname)%00%(upstream:short)%00%(objectname)%00%(upstream:track)%00%(upstream:remotename)%00%(upstream:remoteref) refs/heads/main refs/remotes/main [6ms]
2024-05-24 18:16:06.566 [info] > git status -z -uall [418ms]
2024-05-24 18:16:12.921 [info] > git config --get commit.template [19ms]
2024-05-24 18:16:12.925 [info] > git for-each-ref --format=%(refname)%00%(upstream:short)%00%(objectname)%00%(upstream:track)%00%(upstream:remotename)%00%(upstream:remoteref) refs/heads/main refs/remotes/main [5ms]
2024-05-24 18:16:13.322 [info] > git status -z -uall [380ms]
2024-05-24 18:16:18.382 [info] > git config --get commit.template [20ms]
2024-05-24 18:16:18.388 [info] > git for-each-ref --format=%(refname)%00%(upstream:short)%00%(objectname)%00%(upstream:track)%00%(upstream:remotename)%00%(upstream:remoteref) refs/heads/main refs/remotes/main [7ms]
2024-05-24 18:16:18.804 [info] > git status -z -uall [398ms]
2024-05-24 18:16:21.753 [info] > git show --textconv :app-firebase/src/ components/styles/card.jsx [26ms]
2024-05-24 18:16:21.756 [info] > git ls-files --stage -- /home/user/app-firebase/src/ components/styles/card.jsx [9ms]
2024-05-24 18:16:21.909 [info] > git check-ignore -v -z --stdin [13ms]
2024-05-24 18:16:23.865 [info] > git config --get commit.template [20ms]
2024-05-24 18:16:23.870 [info] > git for-each-ref --format=%(refname)%00%(upstream:short)%00%(objectname)%00%(upstream:track)%00%(upstream:remotename)%00%(upstream:remoteref) refs/heads/main refs/remotes/main [7ms]
2024-05-24 18:16:24.263 [info] > git status -z -uall [376ms]
2024-05-24 18:16:29.327 [info] > git config --get commit.template [21ms]
2024-05-24 18:16:29.332 [info] > git for-each-ref --format=%(refname)%00%(upstream:short)%00%(objectname)%00%(upstream:track)%00%(upstream:remotename)%00%(upstream:remoteref) refs/heads/main refs/remotes/main [6ms]
2024-05-24 18:16:29.745 [info] > git status -z -uall [396ms]
2024-05-24 18:16:34.810 [info] > git config --get commit.template [21ms]
2024-05-24 18:16:34.815 [info] > git for-each-ref --format=%(refname)%00%(upstream:short)%00%(objectname)%00%(upstream:track)%00%(upstream:remotename)%00%(upstream:remoteref) refs/heads/main refs/remotes/main [6ms]
2024-05-24 18:16:35.205 [info] > git status -z -uall [373ms]
2024-05-24 18:16:40.266 [info] > git config --get commit.template [20ms]
2024-05-24 18:16:40.270 [info] > git for-each-ref --format=%(refname)%00%(upstream:short)%00%(objectname)%00%(upstream:track)%00%(upstream:remotename)%00%(upstream:remoteref) refs/heads/main refs/remotes/main [5ms]
2024-05-24 18:16:40.682 [info] > git status -z -uall [396ms]
2024-05-24 18:16:45.747 [info] > git config --get commit.template [20ms]
2024-05-24 18:16:45.752 [info] > git for-each-ref --format=%(refname)%00%(upstream:short)%00%(objectname)%00%(upstream:track)%00%(upstream:remotename)%00%(upstream:remoteref) refs/heads/main refs/remotes/main [7ms]
2024-05-24 18:16:46.138 [info] > git status -z -uall [368ms]
2024-05-24 18:16:51.202 [info] > git config --get commit.template [21ms]
2024-05-24 18:16:51.206 [info] > git for-each-ref --format=%(refname)%00%(upstream:short)%00%(objectname)%00%(upstream:track)%00%(upstream:remotename)%00%(upstream:remoteref) refs/heads/main refs/remotes/main [6ms]
2024-05-24 18:16:51.619 [info] > git status -z -uall [396ms]
2024-05-24 18:16:54.459 [info] > git show --textconv :app-firebase/src/ components/movieCard.jsx [44ms]
2024-05-24 18:16:54.459 [info] > git check-ignore -v -z --stdin [7ms]
2024-05-24 18:16:54.460 [info] > git ls-files --stage -- /home/user/app-firebase/src/ components/movieCard.jsx [27ms]
2024-05-24 18:16:56.685 [info] > git config --get commit.template [22ms]
2024-05-24 18:16:56.688 [info] > git for-each-ref --format=%(refname)%00%(upstream:short)%00%(objectname)%00%(upstream:track)%00%(upstream:remotename)%00%(upstream:remoteref) refs/heads/main refs/remotes/main [5ms]
2024-05-24 18:16:57.096 [info] > git status -z -uall [392ms]
2024-05-24 18:16:59.664 [info] > git check-ignore -v -z --stdin [31ms]
2024-05-24 18:17:05.792 [info] > git config --get commit.template [59ms]
2024-05-24 18:17:05.805 [info] > git for-each-ref --format=%(refname)%00%(upstream:short)%00%(objectname)%00%(upstream:track)%00%(upstream:remotename)%00%(upstream:remoteref) refs/heads/main refs/remotes/main [23ms]
2024-05-24 18:17:06.950 [info] > git status -z -uall [1103ms]
2024-05-24 18:17:12.045 [info] > git config --get commit.template [22ms]
2024-05-24 18:17:12.055 [info] > git for-each-ref --format=%(refname)%00%(upstream:short)%00%(objectname)%00%(upstream:track)%00%(upstream:remotename)%00%(upstream:remoteref) refs/heads/main refs/remotes/main [11ms]
2024-05-24 18:17:12.467 [info] > git status -z -uall [396ms]
2024-05-24 18:17:17.532 [info] > git config --get commit.template [19ms]
2024-05-24 18:17:17.536 [info] > git for-each-ref --format=%(refname)%00%(upstream:short)%00%(objectname)%00%(upstream:track)%00%(upstream:remotename)%00%(upstream:remoteref) refs/heads/main refs/remotes/main [6ms]
2024-05-24 18:17:17.943 [info] > git status -z -uall [391ms]
2024-05-24 18:17:23.005 [info] > git config --get commit.template [19ms]
2024-05-24 18:17:23.010 [info] > git for-each-ref --format=%(refname)%00%(upstream:short)%00%(objectname)%00%(upstream:track)%00%(upstream:remotename)%00%(upstream:remoteref) refs/heads/main refs/remotes/main [6ms]
2024-05-24 18:17:23.397 [info] > git status -z -uall [368ms]
2024-05-24 18:17:28.060 [info] > git show --textconv :app-firebase/src/ components/addMovie.jsx [24ms]
2024-05-24 18:17:28.069 [info] > git ls-files --stage -- /home/user/app-firebase/src/ components/addMovie.jsx [12ms]
2024-05-24 18:17:28.116 [info] > git check-ignore -v -z --stdin [9ms]
2024-05-24 18:17:30.292 [info] > git config --get commit.template [20ms]
2024-05-24 18:17:30.298 [info] > git for-each-ref --format=%(refname)%00%(upstream:short)%00%(objectname)%00%(upstream:track)%00%(upstream:remotename)%00%(upstream:remoteref) refs/heads/main refs/remotes/main [7ms]
2024-05-24 18:17:30.717 [info] > git status -z -uall [402ms]
2024-05-24 18:17:35.777 [info] > git config --get commit.template [20ms]
2024-05-24 18:17:35.782 [info] > git for-each-ref --format=%(refname)%00%(upstream:short)%00%(objectname)%00%(upstream:track)%00%(upstream:remotename)%00%(upstream:remoteref) refs/heads/main refs/remotes/main [6ms]
2024-05-24 18:17:36.181 [info] > git status -z -uall [379ms]
2024-05-24 18:17:40.294 [info] > git show --textconv :app-firebase/src/ components/welcome.jsx [23ms]
2024-05-24 18:17:40.299 [info] > git ls-files --stage -- /home/user/app-firebase/src/ components/welcome.jsx [9ms]
2024-05-24 18:17:40.438 [info] > git check-ignore -v -z --stdin [19ms]
2024-05-24 18:17:41.244 [info] > git config --get commit.template [22ms]
2024-05-24 18:17:41.248 [info] > git for-each-ref --format=%(refname)%00%(upstream:short)%00%(objectname)%00%(upstream:track)%00%(upstream:remotename)%00%(upstream:remoteref) refs/heads/main refs/remotes/main [5ms]
2024-05-24 18:17:41.642 [info] > git status -z -uall [379ms]
2024-05-24 18:17:44.239 [info] > git for-each-ref --sort -committerdate --format %(refname) %(objectname) %(*objectname) [8ms]
2024-05-24 18:17:46.863 [info] > git config --get commit.template [19ms]
2024-05-24 18:17:46.868 [info] > git for-each-ref --format=%(refname)%00%(upstream:short)%00%(objectname)%00%(upstream:track)%00%(upstream:remotename)%00%(upstream:remoteref) refs/heads/main refs/remotes/main [7ms]
2024-05-24 18:17:47.274 [info] > git status -z -uall [389ms]
2024-05-24 18:17:55.028 [info] > git ls-files --stage -- /home/user/app-firebase/src/ components/welcome.jsx [8ms]
2024-05-24 18:17:55.153 [info] > git show --textconv :app-firebase/src/ components/welcome.jsx [11ms]
2024-05-24 18:17:57.904 [info] > git config --get commit.template [24ms]
2024-05-24 18:17:57.909 [info] > git for-each-ref --format=%(refname)%00%(upstream:short)%00%(objectname)%00%(upstream:track)%00%(upstream:remotename)%00%(upstream:remoteref) refs/heads/main refs/remotes/main [7ms]
2024-05-24 18:17:57.986 [info] > git status -z -uall [60ms]
2024-05-24 18:18:03.063 [info] > git config --get commit.template [28ms]
2024-05-24 18:18:03.074 [info] > git for-each-ref --format=%(refname)%00%(upstream:short)%00%(objectname)%00%(upstream:track)%00%(upstream:remotename)%00%(upstream:remoteref) refs/heads/main refs/remotes/main [13ms]
2024-05-24 18:18:03.171 [info] > git status -z -uall [76ms]
2024-05-24 18:18:07.953 [info] > git ls-files --stage -- /home/user/app-firebase/src/ components/welcome.jsx [8ms]
2024-05-24 18:18:07.978 [info] > git cat-file -s e69de29bb2d1d6434b8b29ae775ad8c2e48c5391 [9ms]
2024-05-24 18:18:08.080 [info] > git show --textconv :app-firebase/src/ components/welcome.jsx [11ms]
2024-05-24 18:18:11.000 [info] > git config --get commit.template [70ms]
2024-05-24 18:18:11.009 [info] > git for-each-ref --format=%(refname)%00%(upstream:short)%00%(objectname)%00%(upstream:track)%00%(upstream:remotename)%00%(upstream:remoteref) refs/heads/main refs/remotes/main [26ms]
2024-05-24 18:18:11.377 [info] > git status -z -uall [295ms]
2024-05-24 18:18:16.446 [info] > git config --get commit.template [19ms]
2024-05-24 18:18:16.450 [info] > git for-each-ref --format=%(refname)%00%(upstream:short)%00%(objectname)%00%(upstream:track)%00%(upstream:remotename)%00%(upstream:remoteref) refs/heads/main refs/remotes/main [6ms]
2024-05-24 18:18:16.531 [info] > git status -z -uall [66ms]
2024-05-24 18:18:21.599 [info] > git config --get commit.template [23ms]
2024-05-24 18:18:21.604 [info] > git for-each-ref --format=%(refname)%00%(upstream:short)%00%(objectname)%00%(upstream:track)%00%(upstream:remotename)%00%(upstream:remoteref) refs/heads/main refs/remotes/main [7ms]
2024-05-24 18:18:21.689 [info] > git status -z -uall [68ms]
2024-05-24 18:18:26.752 [info] > git config --get commit.template [19ms]
2024-05-24 18:18:26.757 [info] > git for-each-ref --format=%(refname)%00%(upstream:short)%00%(objectname)%00%(upstream:track)%00%(upstream:remotename)%00%(upstream:remoteref) refs/heads/main refs/remotes/main [7ms]
2024-05-24 18:18:26.824 [info] > git status -z -uall [51ms]
2024-05-24 18:18:27.195 [info] > git ls-files --stage -- /home/user/app-firebase/src/ components/welcome.jsx [7ms]
2024-05-24 18:18:27.216 [info] > git cat-file -s e69de29bb2d1d6434b8b29ae775ad8c2e48c5391 [6ms]
2024-05-24 18:18:27.328 [info] > git show --textconv :app-firebase/src/ components/welcome.jsx [6ms]
2024-05-24 18:18:31.932 [info] > git config --get commit.template [47ms]
2024-05-24 18:18:31.939 [info] > git for-each-ref --format=%(refname)%00%(upstream:short)%00%(objectname)%00%(upstream:track)%00%(upstream:remotename)%00%(upstream:remoteref) refs/heads/main refs/remotes/main [8ms]
2024-05-24 18:18:32.139 [info] > git status -z -uall [151ms]
2024-05-24 18:18:37.220 [info] > git config --get commit.template [43ms]
2024-05-24 18:18:37.228 [info] > git for-each-ref --format=%(refname)%00%(upstream:short)%00%(objectname)%00%(upstream:track)%00%(upstream:remotename)%00%(upstream:remoteref) refs/heads/main refs/remotes/main [11ms]
2024-05-24 18:18:37.323 [info] > git status -z -uall [70ms]
2024-05-24 18:18:42.391 [info] > git config --get commit.template [35ms]
2024-05-24 18:18:42.402 [info] > git for-each-ref --format=%(refname)%00%(upstream:short)%00%(objectname)%00%(upstream:track)%00%(upstream:remotename)%00%(upstream:remoteref) refs/heads/main refs/remotes/main [13ms]
2024-05-24 18:18:42.505 [info] > git status -z -uall [74ms]
2024-05-24 18:18:47.567 [info] > git config --get commit.template [25ms]
2024-05-24 18:18:47.574 [info] > git for-each-ref --format=%(refname)%00%(upstream:short)%00%(objectname)%00%(upstream:track)%00%(upstream:remotename)%00%(upstream:remoteref) refs/heads/main refs/remotes/main [7ms]
2024-05-24 18:18:47.662 [info] > git status -z -uall [65ms]
2024-05-24 18:18:51.140 [info] > git ls-files --stage -- /home/user/app-firebase/src/ components/welcome.jsx [9ms]
2024-05-24 18:18:51.162 [info] > git cat-file -s e69de29bb2d1d6434b8b29ae775ad8c2e48c5391 [5ms]
2024-05-24 18:18:51.289 [info] > git show --textconv :app-firebase/src/ components/welcome.jsx [7ms]
2024-05-24 18:18:54.170 [info] > git config --get commit.template [22ms]
2024-05-24 18:18:54.175 [info] > git for-each-ref --format=%(refname)%00%(upstream:short)%00%(objectname)%00%(upstream:track)%00%(upstream:remotename)%00%(upstream:remoteref) refs/heads/main refs/remotes/main [6ms]
2024-05-24 18:18:54.245 [info] > git status -z -uall [52ms]
2024-05-24 18:18:59.290 [info] > git config --get commit.template [20ms]
2024-05-24 18:18:59.294 [info] > git for-each-ref --format=%(refname)%00%(upstream:short)%00%(objectname)%00%(upstream:track)%00%(upstream:remotename)%00%(upstream:remoteref) refs/heads/main refs/remotes/main [5ms]
2024-05-24 18:18:59.361 [info] > git status -z -uall [52ms]
2024-05-24 18:20:18.065 [info] > git for-each-ref --format=%(refname)%00%(upstream:short)%00%(objectname)%00%(upstream:track)%00%(upstream:remotename)%00%(upstream:remoteref) refs/heads/main refs/remotes/main [20ms]
2024-05-24 18:20:18.066 [info] > git config --get commit.template [39ms]
2024-05-24 18:20:18.150 [info] > git status -z -uall [59ms]
2024-05-24 18:20:23.193 [info] > git config --get commit.template [19ms]
2024-05-24 18:20:23.198 [info] > git for-each-ref --format=%(refname)%00%(upstream:short)%00%(objectname)%00%(upstream:track)%00%(upstream:remotename)%00%(upstream:remoteref) refs/heads/main refs/remotes/main [7ms]
2024-05-24 18:20:23.267 [info] > git status -z -uall [54ms]
2024-05-24 18:20:28.309 [info] > git config --get commit.template [20ms]
2024-05-24 18:20:28.312 [info] > git for-each-ref --format=%(refname)%00%(upstream:short)%00%(objectname)%00%(upstream:track)%00%(upstream:remotename)%00%(upstream:remoteref) refs/heads/main refs/remotes/main [4ms]
2024-05-24 18:20:28.380 [info] > git status -z -uall [52ms]
2024-05-24 18:20:30.051 [info] > git show --textconv :app-firebase/README.md [20ms]
2024-05-24 18:20:30.070 [info] > git ls-files --stage -- /home/user/app-firebase/README.md [20ms]
2024-05-24 18:20:30.103 [info] > git cat-file -s f768e33fc946e6074d6bd3ce5d454853adb3615e [12ms]
2024-05-24 18:20:33.429 [info] > git config --get commit.template [21ms]
2024-05-24 18:20:33.431 [info] > git for-each-ref --format=%(refname)%00%(upstream:short)%00%(objectname)%00%(upstream:track)%00%(upstream:remotename)%00%(upstream:remoteref) refs/heads/main refs/remotes/main [5ms]
2024-05-24 18:20:33.498 [info] > git status -z -uall [50ms]
2024-05-24 18:20:42.775 [info] > git config --get commit.template [20ms]
2024-05-24 18:20:42.778 [info] > git for-each-ref --format=%(refname)%00%(upstream:short)%00%(objectname)%00%(upstream:track)%00%(upstream:remotename)%00%(upstream:remoteref) refs/heads/main refs/remotes/main [5ms]
2024-05-24 18:20:42.849 [info] > git status -z -uall [53ms]
2024-05-24 18:20:45.343 [info] > git show --textconv :app-firebase/src/pages/indexMenu.jsx [25ms]
2024-05-24 18:20:45.352 [info] > git ls-files --stage -- /home/user/app-firebase/src/pages/indexMenu.jsx [13ms]
2024-05-24 18:20:45.381 [info] > git cat-file -s 497bd27898a8cb08e1e120786a5819d4ce70bb0d [9ms]
