0 verbose cli /nix/store/i7vxb8jy213fz81kj0gyh06f9aq8mwn2-nodejs-20.11.1/bin/node /usr/bin/npm
1 info using npm@10.2.4
2 info using node@v20.11.1
3 timing npm:load:whichnode Completed in 4ms
4 timing config:load:defaults Completed in 8ms
5 timing config:load:file:/nix/store/i7vxb8jy213fz81kj0gyh06f9aq8mwn2-nodejs-20.11.1/lib/node_modules/npm/npmrc Completed in 3ms
6 timing config:load:builtin Completed in 3ms
7 timing config:load:cli Completed in 15ms
8 timing config:load:env Completed in 1ms
9 timing config:load:file:/home/user/.cache/typescript/5.2/.npmrc Completed in 0ms
10 timing config:load:project Completed in 11ms
11 timing config:load:file:/home/user/.npmrc Completed in 0ms
12 timing config:load:user Completed in 0ms
13 timing config:load:file:/google/idx/.npmrc Completed in 1ms
14 timing config:load:global Completed in 1ms
15 timing config:load:setEnvs Completed in 2ms
16 timing config:load Completed in 43ms
17 timing npm:load:configload Completed in 44ms
18 timing config:load:flatten Completed in 42ms
19 timing npm:load:mkdirpcache Completed in 47ms
20 timing npm:load:mkdirplogs Completed in 0ms
21 verbose title npm install types-registry@latest
22 verbose argv "install" "--ignore-scripts" "types-registry@latest"
23 timing npm:load:setTitle Completed in 1ms
24 timing npm:load:display Completed in 16ms
25 verbose logfile logs-max:10 dir:/home/user/.npm/_logs/2024-05-25T15_43_08_684Z-
26 verbose logfile /home/user/.npm/_logs/2024-05-25T15_43_08_684Z-debug-0.log
27 timing npm:load:logFile Completed in 63ms
28 timing npm:load:timers Completed in 1ms
29 timing npm:load:configScope Completed in 0ms
30 timing npm:load Completed in 365ms
31 timing arborist:ctor Completed in 7ms
32 silly logfile done cleaning log files
33 timing idealTree:init Completed in 81ms
34 timing arborist:ctor Completed in 0ms
35 http fetch GET 200 https://registry.npmjs.org/types-registry 505ms (cache revalidated)
36 timing idealTree:userRequests Completed in 523ms
37 silly idealTree buildDeps
38 silly fetch manifest types-registry@0.1.685
39 silly placeDep ROOT types-registry@0.1.685 REPLACE for:  want: 0.1.685
40 timing idealTree:#root Completed in 10ms
41 timing idealTree:node_modules/types-registry Completed in 0ms
42 timing idealTree:buildDeps Completed in 13ms
43 timing idealTree:fixDepFlags Completed in 0ms
44 timing idealTree Completed in 621ms
45 timing reify:loadTrees Completed in 626ms
46 timing reify:diffTrees Completed in 3ms
47 silly reify moves {}
48 timing reify:retireShallow Completed in 2ms
49 timing reify:createSparse Completed in 0ms
50 timing reify:loadBundles Completed in 0ms
51 silly audit bulk request {
51 silly audit   '@types/eslint': [ '8.56.10' ],
51 silly audit   '@types/estree': [ '1.0.5' ],
51 silly audit   '@types/json-schema': [ '7.0.15' ],
51 silly audit   '@types/node': [ '20.12.12' ],
51 silly audit   '@types/prop-types': [ '15.7.12' ],
51 silly audit   '@types/react': [ '18.3.3' ],
51 silly audit   '@types/react-dom': [ '18.3.0' ],
51 silly audit   csstype: [ '3.1.3' ],
51 silly audit   'undici-types': [ '5.26.5' ],
51 silly audit   'types-registry': [ '0.1.685' ]
51 silly audit }
52 timing reify:unpack Completed in 1ms
53 timing reify:unretire Completed in 0ms
54 timing build:queue Completed in 0ms
55 timing build:deps Completed in 0ms
56 timing build Completed in 0ms
57 timing reify:build Completed in 1ms
58 timing reify:trash Completed in 0ms
59 timing reify:save Completed in 38ms
60 http fetch POST 200 https://registry.npmjs.org/-/npm/v1/security/advisories/bulk 189ms
61 timing auditReport:getReport Completed in 193ms
62 silly audit report {}
63 timing auditReport:init Completed in 0ms
64 timing reify:audit Completed in 194ms
65 timing reify Completed in 844ms
66 timing command:install Completed in 870ms
67 verbose exit 0
68 timing npm Completed in 8277ms
69 info ok
