0 verbose cli /nix/store/i7vxb8jy213fz81kj0gyh06f9aq8mwn2-nodejs-20.11.1/bin/node /usr/bin/npm
1 info using npm@10.2.4
2 info using node@v20.11.1
3 timing npm:load:whichnode Completed in 13ms
4 timing config:load:defaults Completed in 3ms
5 timing config:load:file:/nix/store/i7vxb8jy213fz81kj0gyh06f9aq8mwn2-nodejs-20.11.1/lib/node_modules/npm/npmrc Completed in 1ms
6 timing config:load:builtin Completed in 1ms
7 timing config:load:cli Completed in 7ms
8 timing config:load:env Completed in 1ms
9 timing config:load:file:/home/user/.cache/typescript/5.2/.npmrc Completed in 1ms
10 timing config:load:project Completed in 2ms
11 timing config:load:file:/home/user/.npmrc Completed in 0ms
12 timing config:load:user Completed in 1ms
13 timing config:load:file:/google/idx/.npmrc Completed in 0ms
14 timing config:load:global Completed in 0ms
15 timing config:load:setEnvs Completed in 2ms
16 timing config:load Completed in 18ms
17 timing npm:load:configload Completed in 18ms
18 timing config:load:flatten Completed in 5ms
19 timing npm:load:mkdirpcache Completed in 29ms
20 timing npm:load:mkdirplogs Completed in 0ms
21 verbose title npm install @types/react@ts5.2 @types/react-dom@ts5.2 @types/eslint@ts5.2
22 verbose argv "install" "--ignore-scripts" "@types/react@ts5.2" "@types/react-dom@ts5.2" "@types/eslint@ts5.2" "--save-dev" "--user-agent" "typesInstaller/5.2.2"
23 timing npm:load:setTitle Completed in 1ms
24 timing npm:load:display Completed in 1ms
25 verbose logfile logs-max:10 dir:/home/user/.npm/_logs/2024-05-23T20_46_43_137Z-
26 verbose logfile /home/user/.npm/_logs/2024-05-23T20_46_43_137Z-debug-0.log
27 timing npm:load:logFile Completed in 13ms
28 timing npm:load:timers Completed in 0ms
29 timing npm:load:configScope Completed in 0ms
30 timing npm:load Completed in 107ms
31 timing arborist:ctor Completed in 2ms
32 silly logfile done cleaning log files
33 timing idealTree:init Completed in 43ms
34 timing arborist:ctor Completed in 0ms
35 http fetch GET 200 https://registry.npmjs.org/@types%2freact 166ms (cache hit)
36 http fetch GET 200 https://registry.npmjs.org/@types%2freact-dom 177ms (cache hit)
37 http fetch GET 200 https://registry.npmjs.org/@types%2feslint 277ms (cache miss)
38 timing idealTree:userRequests Completed in 299ms
39 silly idealTree buildDeps
40 silly fetch manifest @types/react@18.3.3
41 silly fetch manifest @types/react-dom@18.3.0
42 silly fetch manifest @types/eslint@8.56.10
43 silly placeDep ROOT @types/eslint@8.56.10 OK for:  want: 8.56.10
44 silly fetch manifest @types/estree@*
45 silly fetch manifest @types/json-schema@*
46 silly placeDep ROOT @types/react@18.3.3 OK for:  want: 18.3.3
47 silly fetch manifest @types/prop-types@*
48 silly fetch manifest csstype@^3.0.2
49 silly placeDep ROOT @types/react-dom@18.3.0 OK for:  want: 18.3.0
50 http fetch GET 200 https://registry.npmjs.org/@types%2festree 31ms (cache hit)
51 http fetch GET 200 https://registry.npmjs.org/@types%2fprop-types 28ms (cache hit)
52 http fetch GET 200 https://registry.npmjs.org/csstype 29ms (cache hit)
53 http fetch GET 200 https://registry.npmjs.org/@types%2fjson-schema 62ms (cache miss)
54 timing idealTree:#root Completed in 89ms
55 silly placeDep ROOT @types/estree@1.0.5 OK for: @types/eslint@8.56.10 want: *
56 silly placeDep ROOT @types/json-schema@7.0.15 OK for: @types/eslint@8.56.10 want: *
57 timing idealTree:node_modules/@types/eslint Completed in 9ms
58 timing idealTree:node_modules/@types/estree Completed in 0ms
59 timing idealTree:node_modules/@types/json-schema Completed in 0ms
60 silly placeDep ROOT @types/prop-types@15.7.12 OK for: @types/react@18.3.3 want: *
61 silly placeDep ROOT csstype@3.1.3 OK for: @types/react@18.3.3 want: ^3.0.2
62 timing idealTree:node_modules/@types/react Completed in 4ms
63 timing idealTree:node_modules/@types/prop-types Completed in 0ms
64 timing idealTree:node_modules/@types/react-dom Completed in 0ms
65 timing idealTree:node_modules/csstype Completed in 0ms
66 timing idealTree:buildDeps Completed in 105ms
67 timing idealTree:fixDepFlags Completed in 1ms
68 timing idealTree Completed in 448ms
69 timing reify:loadTrees Completed in 450ms
70 timing reify:diffTrees Completed in 1ms
71 silly reify moves {}
72 timing reify:retireShallow Completed in 1ms
73 timing reify:createSparse Completed in 1ms
74 timing reify:loadBundles Completed in 0ms
75 silly audit bulk request {
75 silly audit   'types-registry': [ '0.1.685' ],
75 silly audit   '@types/eslint': [ '8.56.10' ],
75 silly audit   '@types/react': [ '18.3.3' ],
75 silly audit   '@types/react-dom': [ '18.3.0' ],
75 silly audit   '@types/estree': [ '1.0.5' ],
75 silly audit   '@types/json-schema': [ '7.0.15' ],
75 silly audit   '@types/prop-types': [ '15.7.12' ],
75 silly audit   csstype: [ '3.1.3' ]
75 silly audit }
76 silly tarball no local data for @types/json-schema@https://registry.npmjs.org/@types/json-schema/-/json-schema-7.0.15.tgz. Extracting by manifest.
77 silly tarball no local data for @types/eslint@https://registry.npmjs.org/@types/eslint/-/eslint-8.56.10.tgz. Extracting by manifest.
78 timing reifyNode:node_modules/@types/prop-types Completed in 108ms
79 timing reifyNode:node_modules/@types/estree Completed in 112ms
80 timing reifyNode:node_modules/@types/react-dom Completed in 114ms
81 timing reifyNode:node_modules/@types/react Completed in 122ms
82 timing reifyNode:node_modules/csstype Completed in 126ms
83 http fetch GET 200 https://registry.npmjs.org/@types/json-schema/-/json-schema-7.0.15.tgz 155ms (cache miss)
84 timing reifyNode:node_modules/@types/json-schema Completed in 170ms
85 http fetch POST 200 https://registry.npmjs.org/-/npm/v1/security/advisories/bulk 183ms
86 timing auditReport:getReport Completed in 186ms
87 silly audit report {}
88 timing auditReport:init Completed in 0ms
89 timing reify:audit Completed in 188ms
90 http fetch GET 200 https://registry.npmjs.org/@types/eslint/-/eslint-8.56.10.tgz 167ms (cache miss)
91 timing reifyNode:node_modules/@types/eslint Completed in 184ms
92 timing reify:unpack Completed in 186ms
93 timing reify:unretire Completed in 1ms
94 timing build:queue Completed in 1ms
95 timing build:deps Completed in 1ms
96 timing build Completed in 2ms
97 timing reify:build Completed in 2ms
98 timing reify:trash Completed in 0ms
99 timing reify:save Completed in 13ms
100 timing reify Completed in 675ms
101 silly ADD node_modules/csstype
102 silly ADD node_modules/@types/prop-types
103 silly ADD node_modules/@types/json-schema
104 silly ADD node_modules/@types/estree
105 silly ADD node_modules/@types/react-dom
106 silly ADD node_modules/@types/react
107 silly ADD node_modules/@types/eslint
108 timing command:install Completed in 687ms
109 verbose exit 0
110 timing npm Completed in 1214ms
111 info ok
