0 verbose cli /nix/store/i7vxb8jy213fz81kj0gyh06f9aq8mwn2-nodejs-20.11.1/bin/node /usr/bin/npm
1 info using npm@10.2.4
2 info using node@v20.11.1
3 timing npm:load:whichnode Completed in 13ms
4 timing config:load:defaults Completed in 4ms
5 timing config:load:file:/nix/store/i7vxb8jy213fz81kj0gyh06f9aq8mwn2-nodejs-20.11.1/lib/node_modules/npm/npmrc Completed in 1ms
6 timing config:load:builtin Completed in 1ms
7 timing config:load:cli Completed in 5ms
8 timing config:load:env Completed in 1ms
9 timing config:load:file:/home/user/app-firebase/.npmrc Completed in 0ms
10 timing config:load:project Completed in 8ms
11 timing config:load:file:/home/user/.npmrc Completed in 0ms
12 timing config:load:user Completed in 0ms
13 timing config:load:file:/google/idx/.npmrc Completed in 1ms
14 timing config:load:global Completed in 1ms
15 timing config:load:setEnvs Completed in 2ms
16 timing config:load Completed in 22ms
17 timing npm:load:configload Completed in 22ms
18 timing config:load:flatten Completed in 5ms
19 timing npm:load:mkdirpcache Completed in 16ms
20 timing npm:load:mkdirplogs Completed in 35ms
21 verbose title npm run dev --port 9002 --host 0.0.0.0
22 verbose argv "run" "dev" "--" "--port" "9002" "--host" "0.0.0.0"
23 timing npm:load:setTitle Completed in 3ms
24 timing npm:load:display Completed in 4ms
25 verbose logfile logs-max:10 dir:/home/user/.npm/_logs/2024-05-23T20_46_27_175Z-
26 verbose logfile /home/user/.npm/_logs/2024-05-23T20_46_27_175Z-debug-0.log
27 timing npm:load:logFile Completed in 27ms
28 timing npm:load:timers Completed in 1ms
29 timing npm:load:configScope Completed in 0ms
30 timing npm:load Completed in 199ms
31 silly logfile done cleaning log files
