0 verbose cli /nix/store/i7vxb8jy213fz81kj0gyh06f9aq8mwn2-nodejs-20.11.1/bin/node /usr/bin/npm
1 info using npm@10.2.4
2 info using node@v20.11.1
3 timing npm:load:whichnode Completed in 2ms
4 timing config:load:defaults Completed in 3ms
5 timing config:load:file:/nix/store/i7vxb8jy213fz81kj0gyh06f9aq8mwn2-nodejs-20.11.1/lib/node_modules/npm/npmrc Completed in 1ms
6 timing config:load:builtin Completed in 1ms
7 timing config:load:cli Completed in 4ms
8 timing config:load:env Completed in 2ms
9 timing config:load:file:/home/user/app-firebase/.npmrc Completed in 0ms
10 timing config:load:project Completed in 2ms
11 timing config:load:file:/home/user/.npmrc Completed in 1ms
12 timing config:load:user Completed in 1ms
13 timing config:load:file:/google/idx/.npmrc Completed in 0ms
14 timing config:load:global Completed in 0ms
15 timing config:load:setEnvs Completed in 2ms
16 timing config:load Completed in 17ms
17 timing npm:load:configload Completed in 17ms
18 timing config:load:flatten Completed in 5ms
19 timing npm:load:mkdirpcache Completed in 28ms
20 timing npm:load:mkdirplogs Completed in 1ms
21 verbose title npm install firebase
22 verbose argv "install" "firebase"
23 timing npm:load:setTitle Completed in 1ms
24 timing npm:load:display Completed in 1ms
25 verbose logfile logs-max:10 dir:/home/user/.npm/_logs/2024-05-24T18_09_22_723Z-
26 verbose logfile /home/user/.npm/_logs/2024-05-24T18_09_22_723Z-debug-0.log
27 timing npm:load:logFile Completed in 13ms
28 timing npm:load:timers Completed in 0ms
29 timing npm:load:configScope Completed in 1ms
30 timing npm:load Completed in 96ms
31 timing arborist:ctor Completed in 2ms
32 silly logfile done cleaning log files
33 timing idealTree:init Completed in 220ms
34 timing idealTree:userRequests Completed in 3ms
35 silly idealTree buildDeps
36 silly fetch manifest firebase@*
37 verbose shrinkwrap failed to load node_modules/.package-lock.json out of date, updated: node_modules
38 http fetch GET 200 https://registry.npmjs.org/firebase 765ms (cache miss)
39 silly placeDep ROOT firebase@10.12.1 OK for: myapp@0.0.0 want: *
40 silly fetch manifest @firebase/app@0.10.4
41 silly fetch manifest @firebase/app-compat@0.2.34
42 silly fetch manifest @firebase/app-types@0.9.2
43 silly fetch manifest @firebase/auth@1.7.3
44 silly fetch manifest @firebase/auth-compat@0.5.8
45 silly fetch manifest @firebase/database@1.0.5
46 silly fetch manifest @firebase/database-compat@1.0.5
47 silly fetch manifest @firebase/firestore@4.6.3
48 silly fetch manifest @firebase/firestore-compat@0.3.32
49 silly fetch manifest @firebase/functions@0.11.5
50 silly fetch manifest @firebase/functions-compat@0.3.11
51 silly fetch manifest @firebase/installations@0.6.7
52 silly fetch manifest @firebase/installations-compat@0.2.7
53 silly fetch manifest @firebase/messaging@0.12.9
54 silly fetch manifest @firebase/messaging-compat@0.2.9
55 silly fetch manifest @firebase/storage@0.12.5
56 silly fetch manifest @firebase/storage-compat@0.3.8
57 silly fetch manifest @firebase/performance@0.6.7
58 silly fetch manifest @firebase/performance-compat@0.2.7
59 silly fetch manifest @firebase/remote-config@0.4.7
60 silly fetch manifest @firebase/remote-config-compat@0.2.7
61 silly fetch manifest @firebase/analytics@0.10.4
62 silly fetch manifest @firebase/analytics-compat@0.2.10
63 silly fetch manifest @firebase/app-check@0.8.4
64 silly fetch manifest @firebase/app-check-compat@0.3.11
65 silly fetch manifest @firebase/util@1.9.6
66 silly fetch manifest @firebase/vertexai-preview@0.0.1
67 http fetch GET 200 https://registry.npmjs.org/@firebase%2fvertexai-preview 813ms (cache miss)
68 http fetch GET 200 https://registry.npmjs.org/@firebase%2fapp-compat 1938ms (cache miss)
69 http fetch GET 200 https://registry.npmjs.org/@firebase%2fdatabase-compat 2002ms (cache miss)
70 http fetch GET 200 https://registry.npmjs.org/@firebase%2fanalytics-compat 2038ms (cache miss)
71 http fetch GET 200 https://registry.npmjs.org/@firebase%2fmessaging-compat 2058ms (cache miss)
72 http fetch GET 200 https://registry.npmjs.org/@firebase%2finstallations-compat 2083ms (cache miss)
73 http fetch GET 200 https://registry.npmjs.org/@firebase%2fremote-config-compat 2099ms (cache miss)
74 http fetch GET 200 https://registry.npmjs.org/@firebase%2fperformance-compat 2121ms (cache miss)
75 http fetch GET 200 https://registry.npmjs.org/@firebase%2fstorage-compat 2153ms (cache miss)
76 http fetch GET 200 https://registry.npmjs.org/@firebase%2fapp-check-compat 2174ms (cache miss)
77 http fetch GET 200 https://registry.npmjs.org/@firebase%2fauth-compat 2256ms (cache miss)
78 http fetch GET 200 https://registry.npmjs.org/@firebase%2ffunctions-compat 2271ms (cache miss)
79 http fetch GET 200 https://registry.npmjs.org/@firebase%2ffirestore-compat 2406ms (cache miss)
80 http fetch GET 200 https://registry.npmjs.org/@firebase%2fapp-check 2493ms (cache miss)
81 http fetch GET 200 https://registry.npmjs.org/@firebase%2fremote-config 3059ms (cache miss)
82 http fetch GET 200 https://registry.npmjs.org/@firebase%2fanalytics 3118ms (cache miss)
83 http fetch GET 200 https://registry.npmjs.org/@firebase%2fapp-types 3245ms (cache miss)
84 http fetch GET 200 https://registry.npmjs.org/@firebase%2futil 3366ms (cache miss)
85 http fetch GET 200 https://registry.npmjs.org/@firebase%2finstallations 3583ms (cache miss)
86 http fetch GET 200 https://registry.npmjs.org/@firebase%2fperformance 3615ms (cache miss)
87 http fetch GET 200 https://registry.npmjs.org/@firebase%2fapp 3704ms (cache miss)
88 http fetch GET 200 https://registry.npmjs.org/@firebase%2fauth 3809ms (cache miss)
89 http fetch GET 200 https://registry.npmjs.org/@firebase%2fmessaging 3884ms (cache miss)
90 http fetch GET 200 https://registry.npmjs.org/@firebase%2fstorage 3996ms (cache miss)
91 http fetch GET 200 https://registry.npmjs.org/@firebase%2ffunctions 4059ms (cache miss)
92 http fetch GET 200 https://registry.npmjs.org/@firebase%2fdatabase 4131ms (cache miss)
93 http fetch GET 200 https://registry.npmjs.org/@firebase%2ffirestore 4277ms (cache miss)
94 timing idealTree:#root Completed in 5222ms
95 silly fetch manifest @react-native-async-storage/async-storage@^1.18.1
96 http fetch GET 200 https://registry.npmjs.org/@react-native-async-storage%2fasync-storage 63ms (cache miss)
97 silly fetch manifest react-native@^0.0.0-0 || >=0.60 <1.0
98 http fetch GET 200 https://registry.npmjs.org/react-native 409ms (cache miss)
99 silly fetch manifest @types/react@^18.2.6
100 http fetch GET 200 https://registry.npmjs.org/@types%2freact 25ms (cache hit)
101 silly fetch manifest react@18.2.0
102 http fetch GET 200 https://registry.npmjs.org/react 96ms (cache updated)
103 silly placeDep ROOT @firebase/analytics@0.10.4 OK for: firebase@10.12.1 want: 0.10.4
104 silly placeDep ROOT @firebase/app@0.10.4 OK for: @firebase/analytics@0.10.4 want: 0.x
105 silly fetch manifest @firebase/logger@0.4.2
106 silly fetch manifest @firebase/component@0.6.7
107 silly fetch manifest tslib@^2.1.0
108 silly fetch manifest idb@7.1.1
109 silly placeDep ROOT @firebase/analytics-compat@0.2.10 OK for: firebase@10.12.1 want: 0.2.10
110 silly placeDep ROOT @firebase/app-compat@0.2.34 OK for: @firebase/analytics-compat@0.2.10 want: 0.x
111 silly fetch manifest @firebase/analytics-types@0.8.2
112 silly placeDep ROOT @firebase/app-check@0.8.4 OK for: firebase@10.12.1 want: 0.8.4
113 silly placeDep ROOT @firebase/app-check-compat@0.3.11 OK for: firebase@10.12.1 want: 0.3.11
114 silly fetch manifest @firebase/app-check-types@0.5.2
115 silly placeDep ROOT @firebase/app-types@0.9.2 OK for: firebase@10.12.1 want: 0.9.2
116 silly placeDep node_modules/firebase @firebase/auth@1.7.3 OK for: firebase@10.12.1 want: 1.7.3
117 silly fetch manifest undici@5.28.4
118 silly placeDep ROOT @firebase/auth-compat@0.5.8 OK for: firebase@10.12.1 want: 0.5.8
119 silly fetch manifest @firebase/auth-types@0.12.2
120 silly placeDep ROOT @firebase/database@1.0.5 OK for: firebase@10.12.1 want: 1.0.5
121 silly fetch manifest @firebase/app-check-interop-types@0.3.2
122 silly fetch manifest @firebase/auth-interop-types@0.2.3
123 silly fetch manifest faye-websocket@0.11.4
124 silly placeDep ROOT @firebase/database-compat@1.0.5 OK for: firebase@10.12.1 want: 1.0.5
125 silly fetch manifest @firebase/database-types@1.0.3
126 silly placeDep ROOT @firebase/firestore@4.6.3 OK for: firebase@10.12.1 want: 4.6.3
127 silly fetch manifest @firebase/webchannel-wrapper@1.0.0
128 silly fetch manifest @grpc/grpc-js@~1.9.0
129 silly fetch manifest @grpc/proto-loader@^0.7.8
130 silly placeDep ROOT @firebase/firestore-compat@0.3.32 OK for: firebase@10.12.1 want: 0.3.32
131 silly fetch manifest @firebase/firestore-types@3.0.2
132 silly placeDep ROOT @firebase/functions@0.11.5 OK for: firebase@10.12.1 want: 0.11.5
133 silly fetch manifest @firebase/messaging-interop-types@0.2.2
134 silly placeDep ROOT @firebase/functions-compat@0.3.11 OK for: firebase@10.12.1 want: 0.3.11
135 silly fetch manifest @firebase/functions-types@0.6.2
136 silly placeDep ROOT @firebase/installations@0.6.7 OK for: firebase@10.12.1 want: 0.6.7
137 silly placeDep ROOT @firebase/installations-compat@0.2.7 OK for: firebase@10.12.1 want: 0.2.7
138 silly fetch manifest @firebase/installations-types@0.5.2
139 silly placeDep ROOT @firebase/messaging@0.12.9 OK for: firebase@10.12.1 want: 0.12.9
140 silly placeDep ROOT @firebase/messaging-compat@0.2.9 OK for: firebase@10.12.1 want: 0.2.9
141 silly placeDep ROOT @firebase/performance@0.6.7 OK for: firebase@10.12.1 want: 0.6.7
142 silly placeDep ROOT @firebase/performance-compat@0.2.7 OK for: firebase@10.12.1 want: 0.2.7
143 silly fetch manifest @firebase/performance-types@0.2.2
144 silly placeDep ROOT @firebase/remote-config@0.4.7 OK for: firebase@10.12.1 want: 0.4.7
145 silly placeDep ROOT @firebase/remote-config-compat@0.2.7 OK for: firebase@10.12.1 want: 0.2.7
146 silly fetch manifest @firebase/remote-config-types@0.3.2
147 silly placeDep ROOT @firebase/storage@0.12.5 OK for: firebase@10.12.1 want: 0.12.5
148 silly placeDep ROOT @firebase/storage-compat@0.3.8 OK for: firebase@10.12.1 want: 0.3.8
149 silly fetch manifest @firebase/storage-types@0.8.2
150 silly placeDep ROOT @firebase/util@1.9.6 OK for: firebase@10.12.1 want: 1.9.6
151 silly placeDep ROOT @firebase/vertexai-preview@0.0.1 OK for: firebase@10.12.1 want: 0.0.1
152 http fetch GET 200 https://registry.npmjs.org/idb 497ms (cache miss)
153 http fetch GET 200 https://registry.npmjs.org/tslib 524ms (cache miss)
154 http fetch GET 200 https://registry.npmjs.org/@grpc%2fproto-loader 489ms (cache miss)
155 http fetch GET 200 https://registry.npmjs.org/undici 562ms (cache miss)
156 http fetch GET 200 https://registry.npmjs.org/@grpc%2fgrpc-js 542ms (cache miss)
157 http fetch GET 200 https://registry.npmjs.org/faye-websocket 706ms (cache miss)
158 http fetch GET 200 https://registry.npmjs.org/@firebase%2fmessaging-interop-types 729ms (cache miss)
159 http fetch GET 200 https://registry.npmjs.org/@firebase%2fapp-check-types 889ms (cache miss)
160 http fetch GET 200 https://registry.npmjs.org/@firebase%2fapp-check-interop-types 890ms (cache miss)
161 http fetch GET 200 https://registry.npmjs.org/@firebase%2fremote-config-types 1466ms (cache miss)
162 http fetch GET 200 https://registry.npmjs.org/@firebase%2fcomponent 1662ms (cache miss)
163 http fetch GET 200 https://registry.npmjs.org/@firebase%2fauth-interop-types 1667ms (cache miss)
164 http fetch GET 200 https://registry.npmjs.org/@firebase%2fperformance-types 1614ms (cache miss)
165 http fetch GET 200 https://registry.npmjs.org/@firebase%2finstallations-types 1721ms (cache miss)
166 http fetch GET 200 https://registry.npmjs.org/@firebase%2fanalytics-types 1893ms (cache miss)
167 http fetch GET 200 https://registry.npmjs.org/@firebase%2ffunctions-types 1858ms (cache miss)
168 http fetch GET 200 https://registry.npmjs.org/@firebase%2fauth-types 2045ms (cache miss)
169 http fetch GET 200 https://registry.npmjs.org/@firebase%2fstorage-types 1997ms (cache miss)
170 http fetch GET 200 https://registry.npmjs.org/@firebase%2ffirestore-types 2105ms (cache miss)
171 http fetch GET 200 https://registry.npmjs.org/@firebase%2fwebchannel-wrapper 2218ms (cache miss)
172 http fetch GET 200 https://registry.npmjs.org/@firebase%2flogger 2630ms (cache miss)
173 http fetch GET 200 https://registry.npmjs.org/@firebase%2fdatabase-types 2623ms (cache miss)
174 timing idealTree:node_modules/firebase Completed in 3491ms
175 silly placeDep ROOT @firebase/component@0.6.7 OK for: @firebase/analytics@0.10.4 want: 0.6.7
176 silly placeDep ROOT @firebase/logger@0.4.2 OK for: @firebase/analytics@0.10.4 want: 0.4.2
177 silly placeDep ROOT tslib@2.6.2 OK for: @firebase/analytics@0.10.4 want: ^2.1.0
178 timing idealTree:node_modules/@firebase/analytics Completed in 15ms
179 silly placeDep ROOT @firebase/analytics-types@0.8.2 OK for: @firebase/analytics-compat@0.2.10 want: 0.8.2
180 timing idealTree:node_modules/@firebase/analytics-compat Completed in 5ms
181 timing idealTree:node_modules/@firebase/analytics-types Completed in 0ms
182 silly placeDep ROOT idb@7.1.1 OK for: @firebase/app@0.10.4 want: 7.1.1
183 timing idealTree:node_modules/@firebase/app Completed in 3ms
184 timing idealTree:node_modules/@firebase/app-check Completed in 0ms
185 silly placeDep ROOT @firebase/app-check-types@0.5.2 OK for: @firebase/app-check-compat@0.3.11 want: 0.5.2
186 timing idealTree:node_modules/@firebase/app-check-compat Completed in 2ms
187 timing idealTree:node_modules/@firebase/app-check-types Completed in 0ms
188 timing idealTree:node_modules/@firebase/app-compat Completed in 0ms
189 timing idealTree:node_modules/@firebase/app-types Completed in 0ms
190 silly fetch manifest @firebase/app@0.x
191 silly fetch manifest @firebase/app-types@0.x
192 silly placeDep node_modules/@firebase/auth-compat @firebase/auth@1.7.3 OK for: @firebase/auth-compat@0.5.8 want: 1.7.3
193 silly placeDep ROOT @firebase/auth-types@0.12.2 OK for: @firebase/auth-compat@0.5.8 want: 0.12.2
194 silly placeDep ROOT undici@5.28.4 OK for: @firebase/auth-compat@0.5.8 want: 5.28.4
195 silly fetch manifest @fastify/busboy@^2.0.0
196 http fetch GET 200 https://registry.npmjs.org/@fastify%2fbusboy 90ms (cache miss)
197 timing idealTree:node_modules/@firebase/auth-compat Completed in 107ms
198 timing idealTree:node_modules/@firebase/auth-types Completed in 0ms
199 timing idealTree:node_modules/@firebase/component Completed in 0ms
200 silly placeDep ROOT @firebase/app-check-interop-types@0.3.2 OK for: @firebase/database@1.0.5 want: 0.3.2
201 silly placeDep ROOT @firebase/auth-interop-types@0.2.3 OK for: @firebase/database@1.0.5 want: 0.2.3
202 silly placeDep ROOT faye-websocket@0.11.4 OK for: @firebase/database@1.0.5 want: 0.11.4
203 silly fetch manifest websocket-driver@>=0.5.1
204 http fetch GET 200 https://registry.npmjs.org/websocket-driver 68ms (cache miss)
205 timing idealTree:node_modules/@firebase/database Completed in 79ms
206 timing idealTree:node_modules/@firebase/app-check-interop-types Completed in 0ms
207 timing idealTree:node_modules/@firebase/auth-interop-types Completed in 0ms
208 silly placeDep ROOT @firebase/database-types@1.0.3 OK for: @firebase/database-compat@1.0.5 want: 1.0.3
209 timing idealTree:node_modules/@firebase/database-compat Completed in 3ms
210 timing idealTree:node_modules/@firebase/database-types Completed in 0ms
211 silly placeDep ROOT @firebase/webchannel-wrapper@1.0.0 OK for: @firebase/firestore@4.6.3 want: 1.0.0
212 silly placeDep ROOT @grpc/grpc-js@1.9.14 OK for: @firebase/firestore@4.6.3 want: ~1.9.0
213 silly fetch manifest @types/node@>=12.12.47
214 silly placeDep ROOT @grpc/proto-loader@0.7.13 OK for: @firebase/firestore@4.6.3 want: ^0.7.8
215 silly fetch manifest lodash.camelcase@^4.3.0
216 silly fetch manifest long@^5.0.0
217 silly fetch manifest protobufjs@^7.2.5
218 silly fetch manifest yargs@^17.7.2
219 http fetch GET 200 https://registry.npmjs.org/lodash.camelcase 37ms (cache miss)
220 http fetch GET 200 https://registry.npmjs.org/long 67ms (cache miss)
221 http fetch GET 200 https://registry.npmjs.org/protobufjs 70ms (cache miss)
222 http fetch GET 200 https://registry.npmjs.org/@types%2fnode 88ms (cache revalidated)
223 http fetch GET 200 https://registry.npmjs.org/yargs 100ms (cache miss)
224 timing idealTree:node_modules/@firebase/firestore Completed in 121ms
225 silly placeDep ROOT @firebase/firestore-types@3.0.2 OK for: @firebase/firestore-compat@0.3.32 want: 3.0.2
226 timing idealTree:node_modules/@firebase/firestore-compat Completed in 9ms
227 timing idealTree:node_modules/@firebase/firestore-types Completed in 0ms
228 silly placeDep ROOT @firebase/messaging-interop-types@0.2.2 OK for: @firebase/functions@0.11.5 want: 0.2.2
229 timing idealTree:node_modules/@firebase/functions Completed in 3ms
230 silly placeDep ROOT @firebase/functions-types@0.6.2 OK for: @firebase/functions-compat@0.3.11 want: 0.6.2
231 timing idealTree:node_modules/@firebase/functions-compat Completed in 3ms
232 timing idealTree:node_modules/@firebase/functions-types Completed in 0ms
233 timing idealTree:node_modules/@firebase/installations Completed in 0ms
234 silly placeDep ROOT @firebase/installations-types@0.5.2 OK for: @firebase/installations-compat@0.2.7 want: 0.5.2
235 timing idealTree:node_modules/@firebase/installations-compat Completed in 4ms
236 timing idealTree:node_modules/@firebase/installations-types Completed in 0ms
237 timing idealTree:node_modules/@firebase/logger Completed in 0ms
238 timing idealTree:node_modules/@firebase/messaging Completed in 0ms
239 timing idealTree:node_modules/@firebase/messaging-compat Completed in 0ms
240 timing idealTree:node_modules/@firebase/messaging-interop-types Completed in 0ms
241 timing idealTree:node_modules/@firebase/performance Completed in 0ms
242 silly placeDep ROOT @firebase/performance-types@0.2.2 OK for: @firebase/performance-compat@0.2.7 want: 0.2.2
243 timing idealTree:node_modules/@firebase/performance-compat Completed in 3ms
244 timing idealTree:node_modules/@firebase/performance-types Completed in 0ms
245 timing idealTree:node_modules/@firebase/remote-config Completed in 1ms
246 silly placeDep ROOT @firebase/remote-config-types@0.3.2 OK for: @firebase/remote-config-compat@0.2.7 want: 0.3.2
247 timing idealTree:node_modules/@firebase/remote-config-compat Completed in 4ms
248 timing idealTree:node_modules/@firebase/remote-config-types Completed in 0ms
249 timing idealTree:node_modules/@firebase/storage Completed in 0ms
250 silly placeDep ROOT @firebase/storage-types@0.8.2 OK for: @firebase/storage-compat@0.3.8 want: 0.8.2
251 timing idealTree:node_modules/@firebase/storage-compat Completed in 7ms
252 timing idealTree:node_modules/@firebase/storage-types Completed in 0ms
253 timing idealTree:node_modules/@firebase/util Completed in 0ms
254 timing idealTree:node_modules/@firebase/vertexai-preview Completed in 0ms
255 timing idealTree:node_modules/@firebase/webchannel-wrapper Completed in 0ms
256 silly placeDep ROOT @types/node@20.12.12 OK for: @grpc/grpc-js@1.9.14 want: >=12.12.47
257 silly fetch manifest undici-types@~5.26.4
258 http fetch GET 200 https://registry.npmjs.org/undici-types 35ms (cache revalidated)
259 timing idealTree:node_modules/@grpc/grpc-js Completed in 47ms
260 silly placeDep ROOT lodash.camelcase@4.3.0 OK for: @grpc/proto-loader@0.7.13 want: ^4.3.0
261 silly placeDep ROOT long@5.2.3 OK for: @grpc/proto-loader@0.7.13 want: ^5.0.0
262 silly placeDep ROOT protobufjs@7.3.0 OK for: @grpc/proto-loader@0.7.13 want: ^7.2.5
263 silly fetch manifest @protobufjs/aspromise@^1.1.2
264 silly fetch manifest @protobufjs/base64@^1.1.2
265 silly fetch manifest @protobufjs/codegen@^2.0.4
266 silly fetch manifest @protobufjs/eventemitter@^1.1.0
267 silly fetch manifest @protobufjs/fetch@^1.1.0
268 silly fetch manifest @protobufjs/float@^1.0.2
269 silly fetch manifest @protobufjs/inquire@^1.1.0
270 silly fetch manifest @protobufjs/path@^1.1.2
271 silly fetch manifest @protobufjs/pool@^1.1.0
272 silly fetch manifest @protobufjs/utf8@^1.1.0
273 silly placeDep ROOT yargs@17.7.2 OK for: @grpc/proto-loader@0.7.13 want: ^17.7.2
274 silly fetch manifest cliui@^8.0.1
275 silly fetch manifest get-caller-file@^2.0.5
276 silly fetch manifest require-directory@^2.1.1
277 silly fetch manifest string-width@^4.2.3
278 silly fetch manifest y18n@^5.0.5
279 silly fetch manifest yargs-parser@^21.1.1
280 http fetch GET 200 https://registry.npmjs.org/require-directory 115ms (cache miss)
281 http fetch GET 200 https://registry.npmjs.org/get-caller-file 116ms (cache miss)
282 http fetch GET 200 https://registry.npmjs.org/y18n 115ms (cache miss)
283 http fetch GET 200 https://registry.npmjs.org/cliui 119ms (cache miss)
284 http fetch GET 200 https://registry.npmjs.org/@protobufjs%2faspromise 140ms (cache miss)
285 http fetch GET 200 https://registry.npmjs.org/@protobufjs%2fbase64 140ms (cache miss)
286 http fetch GET 200 https://registry.npmjs.org/@protobufjs%2fpath 138ms (cache miss)
287 http fetch GET 200 https://registry.npmjs.org/string-width 123ms (cache miss)
288 http fetch GET 200 https://registry.npmjs.org/@protobufjs%2fpool 131ms (cache miss)
289 http fetch GET 200 https://registry.npmjs.org/@protobufjs%2futf8 130ms (cache miss)
290 http fetch GET 200 https://registry.npmjs.org/@protobufjs%2ffetch 145ms (cache miss)
291 http fetch GET 200 https://registry.npmjs.org/@protobufjs%2fcodegen 147ms (cache miss)
292 http fetch GET 200 https://registry.npmjs.org/@protobufjs%2feventemitter 147ms (cache miss)
293 http fetch GET 200 https://registry.npmjs.org/yargs-parser 128ms (cache miss)
294 http fetch GET 200 https://registry.npmjs.org/@protobufjs%2ffloat 587ms (cache miss)
295 http fetch GET 200 https://registry.npmjs.org/@protobufjs%2finquire 739ms (cache miss)
296 timing idealTree:node_modules/@grpc/proto-loader Completed in 753ms
297 silly placeDep ROOT undici-types@5.26.5 OK for: @types/node@20.12.12 want: ~5.26.4
298 timing idealTree:node_modules/@types/node Completed in 3ms
299 silly placeDep ROOT websocket-driver@0.7.4 OK for: faye-websocket@0.11.4 want: >=0.5.1
300 silly fetch manifest http-parser-js@>=0.5.1
301 silly fetch manifest safe-buffer@>=5.1.0
302 silly fetch manifest websocket-extensions@>=0.1.1
303 http fetch GET 200 https://registry.npmjs.org/http-parser-js 42ms (cache miss)
304 http fetch GET 200 https://registry.npmjs.org/websocket-extensions 50ms (cache miss)
305 http fetch GET 200 https://registry.npmjs.org/safe-buffer 54ms (cache miss)
306 timing idealTree:node_modules/faye-websocket Completed in 60ms
307 timing idealTree:node_modules/idb Completed in 1ms
308 timing idealTree:node_modules/lodash.camelcase Completed in 0ms
309 timing idealTree:node_modules/long Completed in 0ms
310 silly placeDep ROOT @protobufjs/aspromise@1.1.2 OK for: protobufjs@7.3.0 want: ^1.1.2
311 silly placeDep ROOT @protobufjs/base64@1.1.2 OK for: protobufjs@7.3.0 want: ^1.1.2
312 silly placeDep ROOT @protobufjs/codegen@2.0.4 OK for: protobufjs@7.3.0 want: ^2.0.4
313 silly placeDep ROOT @protobufjs/eventemitter@1.1.0 OK for: protobufjs@7.3.0 want: ^1.1.0
314 silly placeDep ROOT @protobufjs/fetch@1.1.0 OK for: protobufjs@7.3.0 want: ^1.1.0
315 silly placeDep ROOT @protobufjs/float@1.0.2 OK for: protobufjs@7.3.0 want: ^1.0.2
316 silly placeDep ROOT @protobufjs/inquire@1.1.0 OK for: protobufjs@7.3.0 want: ^1.1.0
317 silly placeDep ROOT @protobufjs/path@1.1.2 OK for: protobufjs@7.3.0 want: ^1.1.2
318 silly placeDep ROOT @protobufjs/pool@1.1.0 OK for: protobufjs@7.3.0 want: ^1.1.0
319 silly placeDep ROOT @protobufjs/utf8@1.1.0 OK for: protobufjs@7.3.0 want: ^1.1.0
320 timing idealTree:node_modules/protobufjs Completed in 18ms
321 timing idealTree:node_modules/@protobufjs/aspromise Completed in 0ms
322 timing idealTree:node_modules/@protobufjs/base64 Completed in 0ms
323 timing idealTree:node_modules/@protobufjs/codegen Completed in 0ms
324 timing idealTree:node_modules/@protobufjs/eventemitter Completed in 0ms
325 timing idealTree:node_modules/@protobufjs/fetch Completed in 0ms
326 timing idealTree:node_modules/@protobufjs/float Completed in 0ms
327 timing idealTree:node_modules/@protobufjs/inquire Completed in 0ms
328 timing idealTree:node_modules/@protobufjs/path Completed in 0ms
329 timing idealTree:node_modules/@protobufjs/pool Completed in 0ms
330 timing idealTree:node_modules/@protobufjs/utf8 Completed in 0ms
331 timing idealTree:node_modules/tslib Completed in 0ms
332 silly placeDep ROOT @fastify/busboy@2.1.1 OK for: undici@5.28.4 want: ^2.0.0
333 timing idealTree:node_modules/undici Completed in 3ms
334 timing idealTree:node_modules/@fastify/busboy Completed in 0ms
335 timing idealTree:node_modules/undici-types Completed in 0ms
336 silly placeDep ROOT http-parser-js@0.5.8 OK for: websocket-driver@0.7.4 want: >=0.5.1
337 silly placeDep ROOT safe-buffer@5.2.1 OK for: websocket-driver@0.7.4 want: >=5.1.0
338 silly placeDep ROOT websocket-extensions@0.1.4 OK for: websocket-driver@0.7.4 want: >=0.1.1
339 timing idealTree:node_modules/websocket-driver Completed in 4ms
340 timing idealTree:node_modules/http-parser-js Completed in 0ms
341 timing idealTree:node_modules/safe-buffer Completed in 0ms
342 timing idealTree:node_modules/websocket-extensions Completed in 0ms
343 silly placeDep ROOT cliui@8.0.1 OK for: yargs@17.7.2 want: ^8.0.1
344 silly fetch manifest string-width@^4.2.0
345 silly fetch manifest wrap-ansi@^7.0.0
346 silly placeDep ROOT get-caller-file@2.0.5 OK for: yargs@17.7.2 want: ^2.0.5
347 silly placeDep ROOT require-directory@2.1.1 OK for: yargs@17.7.2 want: ^2.1.1
348 silly placeDep ROOT string-width@4.2.3 OK for: yargs@17.7.2 want: ^4.2.3
349 silly fetch manifest emoji-regex@^8.0.0
350 silly fetch manifest is-fullwidth-code-point@^3.0.0
351 silly placeDep ROOT y18n@5.0.8 OK for: yargs@17.7.2 want: ^5.0.5
352 silly placeDep ROOT yargs-parser@21.1.1 OK for: yargs@17.7.2 want: ^21.1.1
353 http fetch GET 200 https://registry.npmjs.org/wrap-ansi 38ms (cache miss)
354 http fetch GET 200 https://registry.npmjs.org/is-fullwidth-code-point 45ms (cache miss)
355 http fetch GET 200 https://registry.npmjs.org/emoji-regex 47ms (cache miss)
356 timing idealTree:node_modules/yargs Completed in 59ms
357 silly placeDep ROOT wrap-ansi@7.0.0 OK for: cliui@8.0.1 want: ^7.0.0
358 silly fetch manifest ansi-styles@^4.0.0
359 http fetch GET 200 https://registry.npmjs.org/ansi-styles 68ms (cache revalidated)
360 timing idealTree:node_modules/cliui Completed in 75ms
361 timing idealTree:node_modules/get-caller-file Completed in 0ms
362 timing idealTree:node_modules/require-directory Completed in 0ms
363 silly placeDep ROOT emoji-regex@8.0.0 OK for: string-width@4.2.3 want: ^8.0.0
364 silly placeDep ROOT is-fullwidth-code-point@3.0.0 OK for: string-width@4.2.3 want: ^3.0.0
365 timing idealTree:node_modules/string-width Completed in 4ms
366 timing idealTree:node_modules/emoji-regex Completed in 0ms
367 timing idealTree:node_modules/is-fullwidth-code-point Completed in 0ms
368 silly placeDep node_modules/wrap-ansi ansi-styles@4.3.0 OK for: wrap-ansi@7.0.0 want: ^4.0.0
369 silly fetch manifest color-convert@^2.0.1
370 http fetch GET 200 https://registry.npmjs.org/color-convert 44ms (cache revalidated)
371 timing idealTree:node_modules/wrap-ansi Completed in 50ms
372 timing idealTree:node_modules/y18n Completed in 0ms
373 timing idealTree:node_modules/yargs-parser Completed in 0ms
374 timing idealTree:node_modules/@firebase/auth-compat/node_modules/@firebase/auth Completed in 0ms
375 timing idealTree:node_modules/firebase/node_modules/@firebase/auth Completed in 0ms
376 silly placeDep node_modules/wrap-ansi color-convert@2.0.1 OK for: ansi-styles@4.3.0 want: ^2.0.1
377 silly fetch manifest color-name@~1.1.4
378 http fetch GET 200 https://registry.npmjs.org/color-name 33ms (cache revalidated)
379 timing idealTree:node_modules/wrap-ansi/node_modules/ansi-styles Completed in 39ms
380 silly placeDep node_modules/wrap-ansi color-name@1.1.4 OK for: color-convert@2.0.1 want: ~1.1.4
381 timing idealTree:node_modules/wrap-ansi/node_modules/color-convert Completed in 3ms
382 timing idealTree:node_modules/wrap-ansi/node_modules/color-name Completed in 0ms
383 timing idealTree:buildDeps Completed in 10211ms
384 timing idealTree:fixDepFlags Completed in 18ms
385 timing idealTree Completed in 10476ms
386 timing reify:loadTrees Completed in 10478ms
387 timing reify:diffTrees Completed in 13ms
388 silly reify moves {}
389 timing reify:retireShallow Completed in 1ms
390 timing reify:createSparse Completed in 34ms
391 timing reify:loadBundles Completed in 0ms
392 silly audit bulk request {
392 silly audit   '@ampproject/remapping': [ '2.3.0' ],
392 silly audit   '@babel/code-frame': [ '7.24.2' ],
392 silly audit   '@babel/compat-data': [ '7.24.4' ],
392 silly audit   '@babel/core': [ '7.24.5' ],
392 silly audit   '@babel/generator': [ '7.24.5' ],
392 silly audit   '@babel/helper-compilation-targets': [ '7.23.6' ],
392 silly audit   '@babel/helper-environment-visitor': [ '7.22.20' ],
392 silly audit   '@babel/helper-function-name': [ '7.23.0' ],
392 silly audit   '@babel/helper-hoist-variables': [ '7.22.5' ],
392 silly audit   '@babel/helper-module-imports': [ '7.24.3' ],
392 silly audit   '@babel/helper-module-transforms': [ '7.24.5' ],
392 silly audit   '@babel/helper-plugin-utils': [ '7.24.5' ],
392 silly audit   '@babel/helper-simple-access': [ '7.24.5' ],
392 silly audit   '@babel/helper-split-export-declaration': [ '7.24.5' ],
392 silly audit   '@babel/helper-string-parser': [ '7.24.1' ],
392 silly audit   '@babel/helper-validator-identifier': [ '7.24.5' ],
392 silly audit   '@babel/helper-validator-option': [ '7.23.5' ],
392 silly audit   '@babel/helpers': [ '7.24.5' ],
392 silly audit   '@babel/highlight': [ '7.24.5' ],
392 silly audit   '@babel/parser': [ '7.24.5' ],
392 silly audit   '@babel/plugin-transform-react-jsx-self': [ '7.24.5' ],
392 silly audit   '@babel/plugin-transform-react-jsx-source': [ '7.24.1' ],
392 silly audit   '@babel/template': [ '7.24.0' ],
392 silly audit   '@babel/traverse': [ '7.24.5' ],
392 silly audit   '@babel/types': [ '7.24.5' ],
392 silly audit   '@esbuild/aix-ppc64': [ '0.20.2' ],
392 silly audit   '@esbuild/android-arm': [ '0.20.2' ],
392 silly audit   '@esbuild/android-arm64': [ '0.20.2' ],
392 silly audit   '@esbuild/android-x64': [ '0.20.2' ],
392 silly audit   '@esbuild/darwin-arm64': [ '0.20.2' ],
392 silly audit   '@esbuild/darwin-x64': [ '0.20.2' ],
392 silly audit   '@esbuild/freebsd-arm64': [ '0.20.2' ],
392 silly audit   '@esbuild/freebsd-x64': [ '0.20.2' ],
392 silly audit   '@esbuild/linux-arm': [ '0.20.2' ],
392 silly audit   '@esbuild/linux-arm64': [ '0.20.2' ],
392 silly audit   '@esbuild/linux-ia32': [ '0.20.2' ],
392 silly audit   '@esbuild/linux-loong64': [ '0.20.2' ],
392 silly audit   '@esbuild/linux-mips64el': [ '0.20.2' ],
392 silly audit   '@esbuild/linux-ppc64': [ '0.20.2' ],
392 silly audit   '@esbuild/linux-riscv64': [ '0.20.2' ],
392 silly audit   '@esbuild/linux-s390x': [ '0.20.2' ],
392 silly audit   '@esbuild/linux-x64': [ '0.20.2' ],
392 silly audit   '@esbuild/netbsd-x64': [ '0.20.2' ],
392 silly audit   '@esbuild/openbsd-x64': [ '0.20.2' ],
392 silly audit   '@esbuild/sunos-x64': [ '0.20.2' ],
392 silly audit   '@esbuild/win32-arm64': [ '0.20.2' ],
392 silly audit   '@esbuild/win32-ia32': [ '0.20.2' ],
392 silly audit   '@esbuild/win32-x64': [ '0.20.2' ],
392 silly audit   '@eslint-community/eslint-utils': [ '4.4.0' ],
392 silly audit   '@eslint-community/regexpp': [ '4.10.0' ],
392 silly audit   '@eslint/eslintrc': [ '2.1.4' ],
392 silly audit   globals: [ '13.24.0', '11.12.0' ],
392 silly audit   '@eslint/js': [ '8.57.0' ],
392 silly audit   '@humanwhocodes/config-array': [ '0.11.14' ],
392 silly audit   '@humanwhocodes/module-importer': [ '1.0.1' ],
392 silly audit   '@humanwhocodes/object-schema': [ '2.0.3' ],
392 silly audit   '@jridgewell/gen-mapping': [ '0.3.5' ],
392 silly audit   '@jridgewell/resolve-uri': [ '3.1.2' ],
392 silly audit   '@jridgewell/set-array': [ '1.2.1' ],
392 silly audit   '@jridgewell/sourcemap-codec': [ '1.4.15' ],
392 silly audit   '@jridgewell/trace-mapping': [ '0.3.25' ],
392 silly audit   '@nodelib/fs.scandir': [ '2.1.5' ],
392 silly audit   '@nodelib/fs.stat': [ '2.0.5' ],
392 silly audit   '@nodelib/fs.walk': [ '1.2.8' ],
392 silly audit   '@rollup/rollup-android-arm-eabi': [ '4.18.0' ],
392 silly audit   '@rollup/rollup-android-arm64': [ '4.18.0' ],
392 silly audit   '@rollup/rollup-darwin-arm64': [ '4.18.0' ],
392 silly audit   '@rollup/rollup-darwin-x64': [ '4.18.0' ],
392 silly audit   '@rollup/rollup-linux-arm-gnueabihf': [ '4.18.0' ],
392 silly audit   '@rollup/rollup-linux-arm-musleabihf': [ '4.18.0' ],
392 silly audit   '@rollup/rollup-linux-arm64-gnu': [ '4.18.0' ],
392 silly audit   '@rollup/rollup-linux-arm64-musl': [ '4.18.0' ],
392 silly audit   '@rollup/rollup-linux-powerpc64le-gnu': [ '4.18.0' ],
392 silly audit   '@rollup/rollup-linux-riscv64-gnu': [ '4.18.0' ],
392 silly audit   '@rollup/rollup-linux-s390x-gnu': [ '4.18.0' ],
392 silly audit   '@rollup/rollup-linux-x64-gnu': [ '4.18.0' ],
392 silly audit   '@rollup/rollup-linux-x64-musl': [ '4.18.0' ],
392 silly audit   '@rollup/rollup-win32-arm64-msvc': [ '4.18.0' ],
392 silly audit   '@rollup/rollup-win32-ia32-msvc': [ '4.18.0' ],
392 silly audit   '@rollup/rollup-win32-x64-msvc': [ '4.18.0' ],
392 silly audit   '@types/babel__core': [ '7.20.5' ],
392 silly audit   '@types/babel__generator': [ '7.6.8' ],
392 silly audit   '@types/babel__template': [ '7.4.4' ],
392 silly audit   '@types/babel__traverse': [ '7.20.6' ],
392 silly audit   '@types/estree': [ '1.0.5' ],
392 silly audit   '@types/prop-types': [ '15.7.12' ],
392 silly audit   '@types/react': [ '18.3.3' ],
392 silly audit   '@types/react-dom': [ '18.3.0' ],
392 silly audit   '@ungap/structured-clone': [ '1.2.0' ],
392 silly audit   '@vitejs/plugin-react': [ '4.3.0' ],
392 silly audit   acorn: [ '8.11.3' ],
392 silly audit   'acorn-jsx': [ '5.3.2' ],
392 silly audit   ajv: [ '6.12.6' ],
392 silly audit   'ansi-regex': [ '5.0.1' ],
392 silly audit   'ansi-styles': [ '3.2.1', '4.3.0' ],
392 silly audit   argparse: [ '2.0.1' ],
392 silly audit   'array-buffer-byte-length': [ '1.0.1' ],
392 silly audit   'array-includes': [ '3.1.8' ],
392 silly audit   'array.prototype.findlast': [ '1.2.5' ],
392 silly audit   'array.prototype.flat': [ '1.3.2' ],
392 silly audit   'array.prototype.flatmap': [ '1.3.2' ],
392 silly audit   'array.prototype.toreversed': [ '1.1.2' ],
392 silly audit   'array.prototype.tosorted': [ '1.1.3' ],
392 silly audit   'arraybuffer.prototype.slice': [ '1.0.3' ],
392 silly audit   'available-typed-arrays': [ '1.0.7' ],
392 silly audit   'balanced-match': [ '1.0.2' ],
392 silly audit   'brace-expansion': [ '1.1.11' ],
392 silly audit   browserslist: [ '4.23.0' ],
392 silly audit   'call-bind': [ '1.0.7' ],
392 silly audit   callsites: [ '3.1.0' ],
392 silly audit   'caniuse-lite': [ '1.0.30001621' ],
392 silly audit   chalk: [ '2.4.2', '4.1.2' ],
392 silly audit   'color-convert': [ '1.9.3', '2.0.1' ],
392 silly audit   'color-name': [ '1.1.3', '1.1.4' ],
392 silly audit   'concat-map': [ '0.0.1' ],
392 silly audit   'convert-source-map': [ '2.0.0' ],
392 silly audit   'cross-spawn': [ '7.0.3' ],
392 silly audit   csstype: [ '3.1.3' ],
392 silly audit   'data-view-buffer': [ '1.0.1' ],
392 silly audit   'data-view-byte-length': [ '1.0.1' ],
392 silly audit   'data-view-byte-offset': [ '1.0.0' ],
392 silly audit   debug: [ '4.3.4' ],
392 silly audit   'deep-is': [ '0.1.4' ],
392 silly audit   'define-data-property': [ '1.1.4' ],
392 silly audit   'define-properties': [ '1.2.1' ],
392 silly audit   doctrine: [ '3.0.0', '2.1.0' ],
392 silly audit   'electron-to-chromium': [ '1.4.780' ],
392 silly audit   'es-abstract': [ '1.23.3' ],
392 silly audit   'es-define-property': [ '1.0.0' ],
392 silly audit   'es-errors': [ '1.3.0' ],
392 silly audit   'es-iterator-helpers': [ '1.0.19' ],
392 silly audit   'es-object-atoms': [ '1.0.0' ],
392 silly audit   'es-set-tostringtag': [ '2.0.3' ],
392 silly audit   'es-shim-unscopables': [ '1.0.2' ],
392 silly audit   'es-to-primitive': [ '1.2.1' ],
392 silly audit   esbuild: [ '0.20.2' ],
392 silly audit   escalade: [ '3.1.2' ],
392 silly audit   'escape-string-regexp': [ '1.0.5', '4.0.0' ],
392 silly audit   eslint: [ '8.57.0' ],
392 silly audit   'eslint-plugin-react': [ '7.34.1' ],
392 silly audit   'eslint-plugin-react-hooks': [ '4.6.2' ],
392 silly audit   'eslint-plugin-react-refresh': [ '0.4.7' ],
392 silly audit   'eslint-scope': [ '7.2.2' ],
392 silly audit   'eslint-visitor-keys': [ '3.4.3' ],
392 silly audit   'has-flag': [ '4.0.0', '3.0.0' ],
392 silly audit   'supports-color': [ '7.2.0', '5.5.0' ],
392 silly audit   espree: [ '9.6.1' ],
392 silly audit   esquery: [ '1.5.0' ],
392 silly audit   esrecurse: [ '4.3.0' ],
392 silly audit   estraverse: [ '5.3.0' ],
392 silly audit   esutils: [ '2.0.3' ],
392 silly audit   'fast-deep-equal': [ '3.1.3' ],
392 silly audit   'fast-json-stable-stringify': [ '2.1.0' ],
392 silly audit   'fast-levenshtein': [ '2.0.6' ],
392 silly audit   fastq: [ '1.17.1' ],
392 silly audit   'file-entry-cache': [ '6.0.1' ],
392 silly audit   'find-up': [ '5.0.0' ],
392 silly audit   'flat-cache': [ '3.2.0' ],
392 silly audit   flatted: [ '3.3.1' ],
392 silly audit   'for-each': [ '0.3.3' ],
392 silly audit   'fs.realpath': [ '1.0.0' ],
392 silly audit   fsevents: [ '2.3.3' ],
392 silly audit   'function-bind': [ '1.1.2' ],
392 silly audit   'function.prototype.name': [ '1.1.6' ],
392 silly audit   'functions-have-names': [ '1.2.3' ],
392 silly audit   gensync: [ '1.0.0-beta.2' ],
392 silly audit   'get-intrinsic': [ '1.2.4' ],
392 silly audit   'get-symbol-description': [ '1.0.2' ],
392 silly audit   glob: [ '7.2.3' ],
392 silly audit   'glob-parent': [ '6.0.2' ],
392 silly audit   globalthis: [ '1.0.4' ],
392 silly audit   gopd: [ '1.0.1' ],
392 silly audit   graphemer: [ '1.4.0' ],
392 silly audit   'has-bigints': [ '1.0.2' ],
392 silly audit   'has-property-descriptors': [ '1.0.2' ],
392 silly audit   'has-proto': [ '1.0.3' ],
392 silly audit   'has-symbols': [ '1.0.3' ],
392 silly audit   'has-tostringtag': [ '1.0.2' ],
392 silly audit   hasown: [ '2.0.2' ],
392 silly audit   ignore: [ '5.3.1' ],
392 silly audit   'import-fresh': [ '3.3.0' ],
392 silly audit   imurmurhash: [ '0.1.4' ],
392 silly audit   inflight: [ '1.0.6' ],
392 silly audit   inherits: [ '2.0.4' ],
392 silly audit   'internal-slot': [ '1.0.7' ],
392 silly audit   'is-array-buffer': [ '3.0.4' ],
392 silly audit   'is-async-function': [ '2.0.0' ],
392 silly audit   'is-bigint': [ '1.0.4' ],
392 silly audit   'is-boolean-object': [ '1.1.2' ],
392 silly audit   'is-callable': [ '1.2.7' ],
392 silly audit   'is-core-module': [ '2.13.1' ],
392 silly audit   'is-data-view': [ '1.0.1' ],
392 silly audit   'is-date-object': [ '1.0.5' ],
392 silly audit   'is-extglob': [ '2.1.1' ],
392 silly audit   'is-finalizationregistry': [ '1.0.2' ],
392 silly audit   'is-generator-function': [ '1.0.10' ],
392 silly audit   'is-glob': [ '4.0.3' ],
392 silly audit   'is-map': [ '2.0.3' ],
392 silly audit   'is-negative-zero': [ '2.0.3' ],
392 silly audit   'is-number-object': [ '1.0.7' ],
392 silly audit   'is-path-inside': [ '3.0.3' ],
392 silly audit   'is-regex': [ '1.1.4' ],
392 silly audit   'is-set': [ '2.0.3' ],
392 silly audit   'is-shared-array-buffer': [ '1.0.3' ],
392 silly audit   'is-string': [ '1.0.7' ],
392 silly audit   'is-symbol': [ '1.0.4' ],
392 silly audit   'is-typed-array': [ '1.1.13' ],
392 silly audit   'is-weakmap': [ '2.0.2' ],
392 silly audit   'is-weakref': [ '1.0.2' ],
392 silly audit   'is-weakset': [ '2.0.3' ],
392 silly audit   isarray: [ '2.0.5' ],
392 silly audit   isexe: [ '2.0.0' ],
392 silly audit   'iterator.prototype': [ '1.1.2' ],
392 silly audit   'js-tokens': [ '4.0.0' ],
392 silly audit   'js-yaml': [ '4.1.0' ],
392 silly audit   jsesc: [ '2.5.2' ],
392 silly audit   'json-buffer': [ '3.0.1' ],
392 silly audit   'json-schema-traverse': [ '0.4.1' ],
392 silly audit   'json-stable-stringify-without-jsonify': [ '1.0.1' ],
392 silly audit   json5: [ '2.2.3' ],
392 silly audit   'jsx-ast-utils': [ '3.3.5' ],
392 silly audit   keyv: [ '4.5.4' ],
392 silly audit   levn: [ '0.4.1' ],
392 silly audit   'locate-path': [ '6.0.0' ],
392 silly audit   'lodash.merge': [ '4.6.2' ],
392 silly audit   'loose-envify': [ '1.4.0' ],
392 silly audit   'lru-cache': [ '5.1.1' ],
392 silly audit   minimatch: [ '3.1.2' ],
392 silly audit   ms: [ '2.1.2' ],
392 silly audit   nanoid: [ '3.3.7' ],
392 silly audit   'natural-compare': [ '1.4.0' ],
392 silly audit   'node-releases': [ '2.0.14' ],
392 silly audit   'object-assign': [ '4.1.1' ],
392 silly audit   'object-inspect': [ '1.13.1' ],
392 silly audit   'object-keys': [ '1.1.1' ],
392 silly audit   'object.assign': [ '4.1.5' ],
392 silly audit   'object.entries': [ '1.1.8' ],
392 silly audit   'object.fromentries': [ '2.0.8' ],
392 silly audit   'object.hasown': [ '1.1.4' ],
392 silly audit   'object.values': [ '1.2.0' ],
392 silly audit   once: [ '1.4.0' ],
392 silly audit   optionator: [ '0.9.4' ],
392 silly audit   'p-limit': [ '3.1.0' ],
392 silly audit   'p-locate': [ '5.0.0' ],
392 silly audit   'parent-module': [ '1.0.1' ],
392 silly audit   'path-exists': [ '4.0.0' ],
392 silly audit   'path-is-absolute': [ '1.0.1' ],
392 silly audit   'path-key': [ '3.1.1' ],
392 silly audit   'path-parse': [ '1.0.7' ],
392 silly audit   picocolors: [ '1.0.1' ],
392 silly audit   'possible-typed-array-names': [ '1.0.0' ],
392 silly audit   postcss: [ '8.4.38' ],
392 silly audit   'prelude-ls': [ '1.2.1' ],
392 silly audit   'prop-types': [ '15.8.1' ],
392 silly audit   punycode: [ '2.3.1' ],
392 silly audit   'queue-microtask': [ '1.2.3' ],
392 silly audit   react: [ '18.3.1' ],
392 silly audit   'react-dom': [ '18.3.1' ],
392 silly audit   'react-is': [ '16.13.1' ],
392 silly audit   'react-refresh': [ '0.14.2' ],
392 silly audit   'reflect.getprototypeof': [ '1.0.6' ],
392 silly audit   'regexp.prototype.flags': [ '1.5.2' ],
392 silly audit   resolve: [ '2.0.0-next.5' ],
392 silly audit   'resolve-from': [ '4.0.0' ],
392 silly audit   reusify: [ '1.0.4' ],
392 silly audit   rimraf: [ '3.0.2' ],
392 silly audit   rollup: [ '4.18.0' ],
392 silly audit   'run-parallel': [ '1.2.0' ],
392 silly audit   'safe-array-concat': [ '1.1.2' ],
392 silly audit   'safe-regex-test': [ '1.0.3' ],
392 silly audit   scheduler: [ '0.23.2' ],
392 silly audit   semver: [ '6.3.1' ],
392 silly audit   'set-function-length': [ '1.2.2' ],
392 silly audit   'set-function-name': [ '2.0.2' ],
392 silly audit   'shebang-command': [ '2.0.0' ],
392 silly audit   'shebang-regex': [ '3.0.0' ],
392 silly audit   'side-channel': [ '1.0.6' ],
392 silly audit   'source-map-js': [ '1.2.0' ],
392 silly audit   'string.prototype.matchall': [ '4.0.11' ],
392 silly audit   'string.prototype.trim': [ '1.2.9' ],
392 silly audit   'string.prototype.trimend': [ '1.0.8' ],
392 silly audit   'string.prototype.trimstart': [ '1.0.8' ],
392 silly audit   'strip-ansi': [ '6.0.1' ],
392 silly audit   'strip-json-comments': [ '3.1.1' ],
392 silly audit   'supports-preserve-symlinks-flag': [ '1.0.0' ],
392 silly audit   'text-table': [ '0.2.0' ],
392 silly audit   'to-fast-properties': [ '2.0.0' ],
392 silly audit   'type-check': [ '0.4.0' ],
392 silly audit   'type-fest': [ '0.20.2' ],
392 silly audit   'typed-array-buffer': [ '1.0.2' ],
392 silly audit   'typed-array-byte-length': [ '1.0.1' ],
392 silly audit   'typed-array-byte-offset': [ '1.0.2' ],
392 silly audit   'typed-array-length': [ '1.0.6' ],
392 silly audit   'unbox-primitive': [ '1.0.2' ],
392 silly audit   'update-browserslist-db': [ '1.0.16' ],
392 silly audit   'uri-js': [ '4.4.1' ],
392 silly audit   vite: [ '5.2.11' ],
392 silly audit   which: [ '2.0.2' ],
392 silly audit   'which-boxed-primitive': [ '1.0.2' ],
392 silly audit   'which-builtin-type': [ '1.1.3' ],
392 silly audit   'which-collection': [ '1.0.2' ],
392 silly audit   'which-typed-array': [ '1.1.15' ],
392 silly audit   'word-wrap': [ '1.2.5' ],
392 silly audit   wrappy: [ '1.0.2' ],
392 silly audit   yallist: [ '3.1.1' ],
392 silly audit   'yocto-queue': [ '0.1.0' ],
392 silly audit   firebase: [ '10.12.1' ],
392 silly audit   '@firebase/analytics': [ '0.10.4' ],
392 silly audit   '@firebase/app': [ '0.10.4' ],
392 silly audit   '@firebase/analytics-compat': [ '0.2.10' ],
392 silly audit   '@firebase/app-compat': [ '0.2.34' ],
392 silly audit   '@firebase/app-check': [ '0.8.4' ],
392 silly audit   '@firebase/app-check-compat': [ '0.3.11' ],
392 silly audit   '@firebase/app-types': [ '0.9.2' ],
392 silly audit   '@firebase/auth': [ '1.7.3' ],
392 silly audit   '@firebase/auth-compat': [ '0.5.8' ],
392 silly audit   '@firebase/database': [ '1.0.5' ],
392 silly audit   '@firebase/database-compat': [ '1.0.5' ],
392 silly audit   '@firebase/firestore': [ '4.6.3' ],
392 silly audit   '@firebase/firestore-compat': [ '0.3.32' ],
392 silly audit   '@firebase/functions': [ '0.11.5' ],
392 silly audit   '@firebase/functions-compat': [ '0.3.11' ],
392 silly audit   '@firebase/installations': [ '0.6.7' ],
392 silly audit   '@firebase/installations-compat': [ '0.2.7' ],
392 silly audit   '@firebase/messaging': [ '0.12.9' ],
392 silly audit   '@firebase/messaging-compat': [ '0.2.9' ],
392 silly audit   '@firebase/performance': [ '0.6.7' ],
392 silly audit   '@firebase/performance-compat': [ '0.2.7' ],
392 silly audit   '@firebase/remote-config': [ '0.4.7' ],
392 silly audit   '@firebase/remote-config-compat': [ '0.2.7' ],
392 silly audit   '@firebase/storage': [ '0.12.5' ],
392 silly audit   '@firebase/storage-compat': [ '0.3.8' ],
392 silly audit   '@firebase/util': [ '1.9.6' ],
392 silly audit   '@firebase/vertexai-preview': [ '0.0.1' ],
392 silly audit   '@firebase/component': [ '0.6.7' ],
392 silly audit   '@firebase/logger': [ '0.4.2' ],
392 silly audit   tslib: [ '2.6.2' ],
392 silly audit   '@firebase/analytics-types': [ '0.8.2' ],
392 silly audit   idb: [ '7.1.1' ],
392 silly audit   '@firebase/app-check-types': [ '0.5.2' ],
392 silly audit   '@firebase/auth-types': [ '0.12.2' ],
392 silly audit   undici: [ '5.28.4' ],
392 silly audit   '@firebase/app-check-interop-types': [ '0.3.2' ],
392 silly audit   '@firebase/auth-interop-types': [ '0.2.3' ],
392 silly audit   'faye-websocket': [ '0.11.4' ],
392 silly audit   '@firebase/database-types': [ '1.0.3' ],
392 silly audit   '@firebase/webchannel-wrapper': [ '1.0.0' ],
392 silly audit   '@grpc/grpc-js': [ '1.9.14' ],
392 silly audit   '@grpc/proto-loader': [ '0.7.13' ],
392 silly audit   '@firebase/firestore-types': [ '3.0.2' ],
392 silly audit   '@firebase/messaging-interop-types': [ '0.2.2' ],
392 silly audit   '@firebase/functions-types': [ '0.6.2' ],
392 silly audit   '@firebase/installations-types': [ '0.5.2' ],
392 silly audit   '@firebase/performance-types': [ '0.2.2' ],
392 silly audit   '@firebase/remote-config-types': [ '0.3.2' ],
392 silly audit   '@firebase/storage-types': [ '0.8.2' ],
392 silly audit   '@types/node': [ '20.12.12' ],
392 silly audit   'lodash.camelcase': [ '4.3.0' ],
392 silly audit   long: [ '5.2.3' ],
392 silly audit   protobufjs: [ '7.3.0' ],
392 silly audit   yargs: [ '17.7.2' ],
392 silly audit   'undici-types': [ '5.26.5' ],
392 silly audit   'websocket-driver': [ '0.7.4' ],
392 silly audit   '@protobufjs/aspromise': [ '1.1.2' ],
392 silly audit   '@protobufjs/base64': [ '1.1.2' ],
392 silly audit   '@protobufjs/codegen': [ '2.0.4' ],
392 silly audit   '@protobufjs/eventemitter': [ '1.1.0' ],
392 silly audit   '@protobufjs/fetch': [ '1.1.0' ],
392 silly audit   '@protobufjs/float': [ '1.0.2' ],
392 silly audit   '@protobufjs/inquire': [ '1.1.0' ],
392 silly audit   '@protobufjs/path': [ '1.1.2' ],
392 silly audit   '@protobufjs/pool': [ '1.1.0' ],
392 silly audit   '@protobufjs/utf8': [ '1.1.0' ],
392 silly audit   '@fastify/busboy': [ '2.1.1' ],
392 silly audit   'http-parser-js': [ '0.5.8' ],
392 silly audit   'safe-buffer': [ '5.2.1' ],
392 silly audit   'websocket-extensions': [ '0.1.4' ],
392 silly audit   cliui: [ '8.0.1' ],
392 silly audit   'get-caller-file': [ '2.0.5' ],
392 silly audit   'require-directory': [ '2.1.1' ],
392 silly audit   'string-width': [ '4.2.3' ],
392 silly audit   y18n: [ '5.0.8' ],
392 silly audit   'yargs-parser': [ '21.1.1' ],
392 silly audit   'wrap-ansi': [ '7.0.0' ],
392 silly audit   'emoji-regex': [ '8.0.0' ],
392 silly audit   'is-fullwidth-code-point': [ '3.0.0' ]
392 silly audit }
393 verbose reify failed optional dependency /home/user/app-firebase/node_modules/fsevents
394 silly reify mark deleted [ '/home/user/app-firebase/node_modules/fsevents' ]
395 verbose reify failed optional dependency /home/user/app-firebase/node_modules/@rollup/rollup-win32-x64-msvc
396 silly reify mark deleted [
396 silly reify   '/home/user/app-firebase/node_modules/@rollup/rollup-win32-x64-msvc'
396 silly reify ]
397 verbose reify failed optional dependency /home/user/app-firebase/node_modules/@rollup/rollup-win32-ia32-msvc
398 silly reify mark deleted [
398 silly reify   '/home/user/app-firebase/node_modules/@rollup/rollup-win32-ia32-msvc'
398 silly reify ]
399 verbose reify failed optional dependency /home/user/app-firebase/node_modules/@rollup/rollup-win32-arm64-msvc
400 silly reify mark deleted [
400 silly reify   '/home/user/app-firebase/node_modules/@rollup/rollup-win32-arm64-msvc'
400 silly reify ]
401 verbose reify failed optional dependency /home/user/app-firebase/node_modules/@rollup/rollup-linux-s390x-gnu
402 silly reify mark deleted [
402 silly reify   '/home/user/app-firebase/node_modules/@rollup/rollup-linux-s390x-gnu'
402 silly reify ]
403 verbose reify failed optional dependency /home/user/app-firebase/node_modules/@rollup/rollup-linux-riscv64-gnu
404 silly reify mark deleted [
404 silly reify   '/home/user/app-firebase/node_modules/@rollup/rollup-linux-riscv64-gnu'
404 silly reify ]
405 verbose reify failed optional dependency /home/user/app-firebase/node_modules/@rollup/rollup-linux-powerpc64le-gnu
406 silly reify mark deleted [
406 silly reify   '/home/user/app-firebase/node_modules/@rollup/rollup-linux-powerpc64le-gnu'
406 silly reify ]
407 verbose reify failed optional dependency /home/user/app-firebase/node_modules/@rollup/rollup-linux-arm64-musl
408 silly reify mark deleted [
408 silly reify   '/home/user/app-firebase/node_modules/@rollup/rollup-linux-arm64-musl'
408 silly reify ]
409 verbose reify failed optional dependency /home/user/app-firebase/node_modules/@rollup/rollup-linux-arm64-gnu
410 silly reify mark deleted [
410 silly reify   '/home/user/app-firebase/node_modules/@rollup/rollup-linux-arm64-gnu'
410 silly reify ]
411 verbose reify failed optional dependency /home/user/app-firebase/node_modules/@rollup/rollup-linux-arm-musleabihf
412 silly reify mark deleted [
412 silly reify   '/home/user/app-firebase/node_modules/@rollup/rollup-linux-arm-musleabihf'
412 silly reify ]
413 verbose reify failed optional dependency /home/user/app-firebase/node_modules/@rollup/rollup-linux-arm-gnueabihf
414 silly reify mark deleted [
414 silly reify   '/home/user/app-firebase/node_modules/@rollup/rollup-linux-arm-gnueabihf'
414 silly reify ]
415 verbose reify failed optional dependency /home/user/app-firebase/node_modules/@rollup/rollup-darwin-x64
416 silly reify mark deleted [ '/home/user/app-firebase/node_modules/@rollup/rollup-darwin-x64' ]
417 verbose reify failed optional dependency /home/user/app-firebase/node_modules/@rollup/rollup-darwin-arm64
418 silly reify mark deleted [ '/home/user/app-firebase/node_modules/@rollup/rollup-darwin-arm64' ]
419 verbose reify failed optional dependency /home/user/app-firebase/node_modules/@rollup/rollup-android-arm64
420 silly reify mark deleted [ '/home/user/app-firebase/node_modules/@rollup/rollup-android-arm64' ]
421 verbose reify failed optional dependency /home/user/app-firebase/node_modules/@rollup/rollup-android-arm-eabi
422 silly reify mark deleted [
422 silly reify   '/home/user/app-firebase/node_modules/@rollup/rollup-android-arm-eabi'
422 silly reify ]
423 verbose reify failed optional dependency /home/user/app-firebase/node_modules/@esbuild/win32-x64
424 silly reify mark deleted [ '/home/user/app-firebase/node_modules/@esbuild/win32-x64' ]
425 verbose reify failed optional dependency /home/user/app-firebase/node_modules/@esbuild/win32-ia32
426 silly reify mark deleted [ '/home/user/app-firebase/node_modules/@esbuild/win32-ia32' ]
427 verbose reify failed optional dependency /home/user/app-firebase/node_modules/@esbuild/win32-arm64
428 silly reify mark deleted [ '/home/user/app-firebase/node_modules/@esbuild/win32-arm64' ]
429 verbose reify failed optional dependency /home/user/app-firebase/node_modules/@esbuild/sunos-x64
430 silly reify mark deleted [ '/home/user/app-firebase/node_modules/@esbuild/sunos-x64' ]
431 verbose reify failed optional dependency /home/user/app-firebase/node_modules/@esbuild/openbsd-x64
432 silly reify mark deleted [ '/home/user/app-firebase/node_modules/@esbuild/openbsd-x64' ]
433 verbose reify failed optional dependency /home/user/app-firebase/node_modules/@esbuild/netbsd-x64
434 silly reify mark deleted [ '/home/user/app-firebase/node_modules/@esbuild/netbsd-x64' ]
435 verbose reify failed optional dependency /home/user/app-firebase/node_modules/@esbuild/linux-s390x
436 silly reify mark deleted [ '/home/user/app-firebase/node_modules/@esbuild/linux-s390x' ]
437 verbose reify failed optional dependency /home/user/app-firebase/node_modules/@esbuild/linux-riscv64
438 silly reify mark deleted [ '/home/user/app-firebase/node_modules/@esbuild/linux-riscv64' ]
439 verbose reify failed optional dependency /home/user/app-firebase/node_modules/@esbuild/linux-ppc64
440 silly reify mark deleted [ '/home/user/app-firebase/node_modules/@esbuild/linux-ppc64' ]
441 verbose reify failed optional dependency /home/user/app-firebase/node_modules/@esbuild/linux-mips64el
442 silly reify mark deleted [ '/home/user/app-firebase/node_modules/@esbuild/linux-mips64el' ]
443 verbose reify failed optional dependency /home/user/app-firebase/node_modules/@esbuild/linux-loong64
444 silly reify mark deleted [ '/home/user/app-firebase/node_modules/@esbuild/linux-loong64' ]
445 verbose reify failed optional dependency /home/user/app-firebase/node_modules/@esbuild/linux-ia32
446 silly reify mark deleted [ '/home/user/app-firebase/node_modules/@esbuild/linux-ia32' ]
447 verbose reify failed optional dependency /home/user/app-firebase/node_modules/@esbuild/linux-arm64
448 silly reify mark deleted [ '/home/user/app-firebase/node_modules/@esbuild/linux-arm64' ]
449 verbose reify failed optional dependency /home/user/app-firebase/node_modules/@esbuild/linux-arm
450 silly reify mark deleted [ '/home/user/app-firebase/node_modules/@esbuild/linux-arm' ]
451 verbose reify failed optional dependency /home/user/app-firebase/node_modules/@esbuild/freebsd-x64
452 silly reify mark deleted [ '/home/user/app-firebase/node_modules/@esbuild/freebsd-x64' ]
453 verbose reify failed optional dependency /home/user/app-firebase/node_modules/@esbuild/freebsd-arm64
454 silly reify mark deleted [ '/home/user/app-firebase/node_modules/@esbuild/freebsd-arm64' ]
455 verbose reify failed optional dependency /home/user/app-firebase/node_modules/@esbuild/darwin-x64
456 silly reify mark deleted [ '/home/user/app-firebase/node_modules/@esbuild/darwin-x64' ]
457 verbose reify failed optional dependency /home/user/app-firebase/node_modules/@esbuild/darwin-arm64
458 silly reify mark deleted [ '/home/user/app-firebase/node_modules/@esbuild/darwin-arm64' ]
459 verbose reify failed optional dependency /home/user/app-firebase/node_modules/@esbuild/android-x64
460 silly reify mark deleted [ '/home/user/app-firebase/node_modules/@esbuild/android-x64' ]
461 verbose reify failed optional dependency /home/user/app-firebase/node_modules/@esbuild/android-arm64
462 silly reify mark deleted [ '/home/user/app-firebase/node_modules/@esbuild/android-arm64' ]
463 verbose reify failed optional dependency /home/user/app-firebase/node_modules/@esbuild/android-arm
464 silly reify mark deleted [ '/home/user/app-firebase/node_modules/@esbuild/android-arm' ]
465 verbose reify failed optional dependency /home/user/app-firebase/node_modules/@esbuild/aix-ppc64
466 silly reify mark deleted [ '/home/user/app-firebase/node_modules/@esbuild/aix-ppc64' ]
467 timing reifyNode:node_modules/fsevents Completed in 50ms
468 timing reifyNode:node_modules/@rollup/rollup-win32-x64-msvc Completed in 51ms
469 timing reifyNode:node_modules/@rollup/rollup-win32-ia32-msvc Completed in 51ms
470 timing reifyNode:node_modules/@rollup/rollup-win32-arm64-msvc Completed in 51ms
471 timing reifyNode:node_modules/@rollup/rollup-linux-s390x-gnu Completed in 51ms
472 timing reifyNode:node_modules/@rollup/rollup-linux-riscv64-gnu Completed in 51ms
473 timing reifyNode:node_modules/@rollup/rollup-linux-powerpc64le-gnu Completed in 51ms
474 timing reifyNode:node_modules/@rollup/rollup-linux-arm64-musl Completed in 51ms
475 timing reifyNode:node_modules/@rollup/rollup-linux-arm64-gnu Completed in 50ms
476 timing reifyNode:node_modules/@rollup/rollup-linux-arm-musleabihf Completed in 51ms
477 timing reifyNode:node_modules/@rollup/rollup-linux-arm-gnueabihf Completed in 39ms
478 timing reifyNode:node_modules/@rollup/rollup-darwin-x64 Completed in 39ms
479 timing reifyNode:node_modules/@rollup/rollup-darwin-arm64 Completed in 39ms
480 timing reifyNode:node_modules/@rollup/rollup-android-arm64 Completed in 39ms
481 timing reifyNode:node_modules/@rollup/rollup-android-arm-eabi Completed in 39ms
482 timing reifyNode:node_modules/@esbuild/win32-x64 Completed in 40ms
483 timing reifyNode:node_modules/@esbuild/win32-ia32 Completed in 40ms
484 timing reifyNode:node_modules/@esbuild/win32-arm64 Completed in 40ms
485 timing reifyNode:node_modules/@esbuild/sunos-x64 Completed in 40ms
486 timing reifyNode:node_modules/@esbuild/openbsd-x64 Completed in 39ms
487 timing reifyNode:node_modules/@esbuild/netbsd-x64 Completed in 39ms
488 timing reifyNode:node_modules/@esbuild/linux-s390x Completed in 39ms
489 timing reifyNode:node_modules/@esbuild/linux-riscv64 Completed in 39ms
490 timing reifyNode:node_modules/@esbuild/linux-ppc64 Completed in 39ms
491 timing reifyNode:node_modules/@esbuild/linux-mips64el Completed in 40ms
492 timing reifyNode:node_modules/@esbuild/linux-loong64 Completed in 40ms
493 timing reifyNode:node_modules/@esbuild/linux-ia32 Completed in 40ms
494 timing reifyNode:node_modules/@esbuild/linux-arm64 Completed in 40ms
495 timing reifyNode:node_modules/@esbuild/linux-arm Completed in 40ms
496 timing reifyNode:node_modules/@esbuild/freebsd-x64 Completed in 40ms
497 timing reifyNode:node_modules/@esbuild/freebsd-arm64 Completed in 39ms
498 timing reifyNode:node_modules/@esbuild/darwin-x64 Completed in 39ms
499 timing reifyNode:node_modules/@esbuild/darwin-arm64 Completed in 39ms
500 timing reifyNode:node_modules/@esbuild/android-x64 Completed in 39ms
501 timing reifyNode:node_modules/@esbuild/android-arm64 Completed in 39ms
502 timing reifyNode:node_modules/@esbuild/android-arm Completed in 40ms
503 timing reifyNode:node_modules/@esbuild/aix-ppc64 Completed in 40ms
504 silly tarball no local data for is-fullwidth-code-point@https://registry.npmjs.org/is-fullwidth-code-point/-/is-fullwidth-code-point-3.0.0.tgz. Extracting by manifest.
505 silly tarball no local data for emoji-regex@https://registry.npmjs.org/emoji-regex/-/emoji-regex-8.0.0.tgz. Extracting by manifest.
506 silly tarball no local data for wrap-ansi@https://registry.npmjs.org/wrap-ansi/-/wrap-ansi-7.0.0.tgz. Extracting by manifest.
507 silly tarball no local data for yargs-parser@https://registry.npmjs.org/yargs-parser/-/yargs-parser-21.1.1.tgz. Extracting by manifest.
508 silly tarball no local data for y18n@https://registry.npmjs.org/y18n/-/y18n-5.0.8.tgz. Extracting by manifest.
509 silly tarball no local data for string-width@https://registry.npmjs.org/string-width/-/string-width-4.2.3.tgz. Extracting by manifest.
510 silly tarball no local data for require-directory@https://registry.npmjs.org/require-directory/-/require-directory-2.1.1.tgz. Extracting by manifest.
511 silly tarball no local data for get-caller-file@https://registry.npmjs.org/get-caller-file/-/get-caller-file-2.0.5.tgz. Extracting by manifest.
512 silly tarball no local data for cliui@https://registry.npmjs.org/cliui/-/cliui-8.0.1.tgz. Extracting by manifest.
513 silly tarball no local data for websocket-extensions@https://registry.npmjs.org/websocket-extensions/-/websocket-extensions-0.1.4.tgz. Extracting by manifest.
514 silly tarball no local data for safe-buffer@https://registry.npmjs.org/safe-buffer/-/safe-buffer-5.2.1.tgz. Extracting by manifest.
515 silly tarball no local data for http-parser-js@https://registry.npmjs.org/http-parser-js/-/http-parser-js-0.5.8.tgz. Extracting by manifest.
516 silly tarball no local data for @fastify/busboy@https://registry.npmjs.org/@fastify/busboy/-/busboy-2.1.1.tgz. Extracting by manifest.
517 silly tarball no local data for @protobufjs/utf8@https://registry.npmjs.org/@protobufjs/utf8/-/utf8-1.1.0.tgz. Extracting by manifest.
518 silly tarball no local data for @protobufjs/pool@https://registry.npmjs.org/@protobufjs/pool/-/pool-1.1.0.tgz. Extracting by manifest.
519 silly tarball no local data for @protobufjs/inquire@https://registry.npmjs.org/@protobufjs/inquire/-/inquire-1.1.0.tgz. Extracting by manifest.
520 silly tarball no local data for @protobufjs/path@https://registry.npmjs.org/@protobufjs/path/-/path-1.1.2.tgz. Extracting by manifest.
521 silly tarball no local data for @protobufjs/float@https://registry.npmjs.org/@protobufjs/float/-/float-1.0.2.tgz. Extracting by manifest.
522 silly tarball no local data for @protobufjs/fetch@https://registry.npmjs.org/@protobufjs/fetch/-/fetch-1.1.0.tgz. Extracting by manifest.
523 silly tarball no local data for @protobufjs/eventemitter@https://registry.npmjs.org/@protobufjs/eventemitter/-/eventemitter-1.1.0.tgz. Extracting by manifest.
524 silly tarball no local data for @protobufjs/codegen@https://registry.npmjs.org/@protobufjs/codegen/-/codegen-2.0.4.tgz. Extracting by manifest.
525 silly tarball no local data for @protobufjs/base64@https://registry.npmjs.org/@protobufjs/base64/-/base64-1.1.2.tgz. Extracting by manifest.
526 silly tarball no local data for @protobufjs/aspromise@https://registry.npmjs.org/@protobufjs/aspromise/-/aspromise-1.1.2.tgz. Extracting by manifest.
527 silly tarball no local data for websocket-driver@https://registry.npmjs.org/websocket-driver/-/websocket-driver-0.7.4.tgz. Extracting by manifest.
528 silly tarball no local data for yargs@https://registry.npmjs.org/yargs/-/yargs-17.7.2.tgz. Extracting by manifest.
529 silly tarball no local data for protobufjs@https://registry.npmjs.org/protobufjs/-/protobufjs-7.3.0.tgz. Extracting by manifest.
530 silly tarball no local data for long@https://registry.npmjs.org/long/-/long-5.2.3.tgz. Extracting by manifest.
531 silly tarball no local data for lodash.camelcase@https://registry.npmjs.org/lodash.camelcase/-/lodash.camelcase-4.3.0.tgz. Extracting by manifest.
532 silly tarball no local data for @firebase/storage-types@https://registry.npmjs.org/@firebase/storage-types/-/storage-types-0.8.2.tgz. Extracting by manifest.
533 silly tarball no local data for @firebase/remote-config-types@https://registry.npmjs.org/@firebase/remote-config-types/-/remote-config-types-0.3.2.tgz. Extracting by manifest.
534 silly tarball no local data for @firebase/performance-types@https://registry.npmjs.org/@firebase/performance-types/-/performance-types-0.2.2.tgz. Extracting by manifest.
535 silly tarball no local data for @firebase/installations-types@https://registry.npmjs.org/@firebase/installations-types/-/installations-types-0.5.2.tgz. Extracting by manifest.
536 silly tarball no local data for @firebase/functions-types@https://registry.npmjs.org/@firebase/functions-types/-/functions-types-0.6.2.tgz. Extracting by manifest.
537 silly tarball no local data for @firebase/messaging-interop-types@https://registry.npmjs.org/@firebase/messaging-interop-types/-/messaging-interop-types-0.2.2.tgz. Extracting by manifest.
538 silly tarball no local data for @firebase/firestore-types@https://registry.npmjs.org/@firebase/firestore-types/-/firestore-types-3.0.2.tgz. Extracting by manifest.
539 silly tarball no local data for @grpc/proto-loader@https://registry.npmjs.org/@grpc/proto-loader/-/proto-loader-0.7.13.tgz. Extracting by manifest.
540 silly tarball no local data for @grpc/grpc-js@https://registry.npmjs.org/@grpc/grpc-js/-/grpc-js-1.9.14.tgz. Extracting by manifest.
541 silly tarball no local data for @firebase/webchannel-wrapper@https://registry.npmjs.org/@firebase/webchannel-wrapper/-/webchannel-wrapper-1.0.0.tgz. Extracting by manifest.
542 silly tarball no local data for @firebase/database-types@https://registry.npmjs.org/@firebase/database-types/-/database-types-1.0.3.tgz. Extracting by manifest.
543 silly tarball no local data for faye-websocket@https://registry.npmjs.org/faye-websocket/-/faye-websocket-0.11.4.tgz. Extracting by manifest.
544 silly tarball no local data for @firebase/auth-interop-types@https://registry.npmjs.org/@firebase/auth-interop-types/-/auth-interop-types-0.2.3.tgz. Extracting by manifest.
545 silly tarball no local data for undici@https://registry.npmjs.org/undici/-/undici-5.28.4.tgz. Extracting by manifest.
546 silly tarball no local data for @firebase/app-check-interop-types@https://registry.npmjs.org/@firebase/app-check-interop-types/-/app-check-interop-types-0.3.2.tgz. Extracting by manifest.
547 silly tarball no local data for @firebase/app-check-types@https://registry.npmjs.org/@firebase/app-check-types/-/app-check-types-0.5.2.tgz. Extracting by manifest.
548 silly tarball no local data for @firebase/auth-types@https://registry.npmjs.org/@firebase/auth-types/-/auth-types-0.12.2.tgz. Extracting by manifest.
549 silly tarball no local data for idb@https://registry.npmjs.org/idb/-/idb-7.1.1.tgz. Extracting by manifest.
550 silly tarball no local data for tslib@https://registry.npmjs.org/tslib/-/tslib-2.6.2.tgz. Extracting by manifest.
551 silly tarball no local data for @firebase/logger@https://registry.npmjs.org/@firebase/logger/-/logger-0.4.2.tgz. Extracting by manifest.
552 silly tarball no local data for @firebase/component@https://registry.npmjs.org/@firebase/component/-/component-0.6.7.tgz. Extracting by manifest.
553 silly tarball no local data for @firebase/analytics-types@https://registry.npmjs.org/@firebase/analytics-types/-/analytics-types-0.8.2.tgz. Extracting by manifest.
554 silly tarball no local data for @firebase/vertexai-preview@https://registry.npmjs.org/@firebase/vertexai-preview/-/vertexai-preview-0.0.1.tgz. Extracting by manifest.
555 silly tarball no local data for @firebase/util@https://registry.npmjs.org/@firebase/util/-/util-1.9.6.tgz. Extracting by manifest.
556 silly tarball no local data for @firebase/storage@https://registry.npmjs.org/@firebase/storage/-/storage-0.12.5.tgz. Extracting by manifest.
557 silly tarball no local data for @firebase/storage-compat@https://registry.npmjs.org/@firebase/storage-compat/-/storage-compat-0.3.8.tgz. Extracting by manifest.
558 silly tarball no local data for @firebase/remote-config-compat@https://registry.npmjs.org/@firebase/remote-config-compat/-/remote-config-compat-0.2.7.tgz. Extracting by manifest.
559 silly tarball no local data for @firebase/remote-config@https://registry.npmjs.org/@firebase/remote-config/-/remote-config-0.4.7.tgz. Extracting by manifest.
560 silly tarball no local data for @firebase/performance@https://registry.npmjs.org/@firebase/performance/-/performance-0.6.7.tgz. Extracting by manifest.
561 silly tarball no local data for @firebase/performance-compat@https://registry.npmjs.org/@firebase/performance-compat/-/performance-compat-0.2.7.tgz. Extracting by manifest.
562 silly tarball no local data for @firebase/messaging-compat@https://registry.npmjs.org/@firebase/messaging-compat/-/messaging-compat-0.2.9.tgz. Extracting by manifest.
563 silly tarball no local data for @firebase/messaging@https://registry.npmjs.org/@firebase/messaging/-/messaging-0.12.9.tgz. Extracting by manifest.
564 silly tarball no local data for @firebase/installations-compat@https://registry.npmjs.org/@firebase/installations-compat/-/installations-compat-0.2.7.tgz. Extracting by manifest.
565 silly tarball no local data for @firebase/installations@https://registry.npmjs.org/@firebase/installations/-/installations-0.6.7.tgz. Extracting by manifest.
566 silly tarball no local data for @firebase/functions@https://registry.npmjs.org/@firebase/functions/-/functions-0.11.5.tgz. Extracting by manifest.
567 silly tarball no local data for @firebase/functions-compat@https://registry.npmjs.org/@firebase/functions-compat/-/functions-compat-0.3.11.tgz. Extracting by manifest.
568 silly tarball no local data for @firebase/firestore@https://registry.npmjs.org/@firebase/firestore/-/firestore-4.6.3.tgz. Extracting by manifest.
569 silly tarball no local data for @firebase/firestore-compat@https://registry.npmjs.org/@firebase/firestore-compat/-/firestore-compat-0.3.32.tgz. Extracting by manifest.
570 silly tarball no local data for @firebase/database-compat@https://registry.npmjs.org/@firebase/database-compat/-/database-compat-1.0.5.tgz. Extracting by manifest.
571 silly tarball no local data for @firebase/database@https://registry.npmjs.org/@firebase/database/-/database-1.0.5.tgz. Extracting by manifest.
572 silly tarball no local data for @firebase/app-types@https://registry.npmjs.org/@firebase/app-types/-/app-types-0.9.2.tgz. Extracting by manifest.
573 silly tarball no local data for @firebase/auth-compat@https://registry.npmjs.org/@firebase/auth-compat/-/auth-compat-0.5.8.tgz. Extracting by manifest.
574 silly tarball no local data for @firebase/app-check@https://registry.npmjs.org/@firebase/app-check/-/app-check-0.8.4.tgz. Extracting by manifest.
575 silly tarball no local data for @firebase/app-check-compat@https://registry.npmjs.org/@firebase/app-check-compat/-/app-check-compat-0.3.11.tgz. Extracting by manifest.
576 silly tarball no local data for @firebase/app-compat@https://registry.npmjs.org/@firebase/app-compat/-/app-compat-0.2.34.tgz. Extracting by manifest.
577 silly tarball no local data for @firebase/app@https://registry.npmjs.org/@firebase/app/-/app-0.10.4.tgz. Extracting by manifest.
578 silly tarball no local data for @firebase/analytics-compat@https://registry.npmjs.org/@firebase/analytics-compat/-/analytics-compat-0.2.10.tgz. Extracting by manifest.
579 silly tarball no local data for @firebase/analytics@https://registry.npmjs.org/@firebase/analytics/-/analytics-0.10.4.tgz. Extracting by manifest.
580 silly tarball no local data for firebase@https://registry.npmjs.org/firebase/-/firebase-10.12.1.tgz. Extracting by manifest.
581 silly tarball no local data for @firebase/auth@https://registry.npmjs.org/@firebase/auth/-/auth-1.7.3.tgz. Extracting by manifest.
582 silly tarball no local data for @firebase/auth@https://registry.npmjs.org/@firebase/auth/-/auth-1.7.3.tgz. Extracting by manifest.
583 http fetch POST 200 https://registry.npmjs.org/-/npm/v1/security/advisories/bulk 613ms
584 timing auditReport:getReport Completed in 624ms
585 silly audit report {}
586 timing auditReport:init Completed in 0ms
587 timing reify:audit Completed in 625ms
588 timing reifyNode:node_modules/wrap-ansi/node_modules/color-name Completed in 1345ms
589 timing reifyNode:node_modules/wrap-ansi/node_modules/ansi-styles Completed in 1421ms
590 http fetch GET 200 https://registry.npmjs.org/websocket-extensions/-/websocket-extensions-0.1.4.tgz 1396ms (cache miss)
591 http fetch GET 200 https://registry.npmjs.org/wrap-ansi/-/wrap-ansi-7.0.0.tgz 1408ms (cache miss)
592 timing reifyNode:node_modules/wrap-ansi Completed in 1513ms
593 http fetch GET 200 https://registry.npmjs.org/emoji-regex/-/emoji-regex-8.0.0.tgz 1413ms (cache miss)
594 http fetch GET 200 https://registry.npmjs.org/safe-buffer/-/safe-buffer-5.2.1.tgz 1398ms (cache miss)
595 timing reifyNode:node_modules/safe-buffer Completed in 1525ms
596 http fetch GET 200 https://registry.npmjs.org/is-fullwidth-code-point/-/is-fullwidth-code-point-3.0.0.tgz 1435ms (cache miss)
597 timing reifyNode:node_modules/is-fullwidth-code-point Completed in 1537ms
598 http fetch GET 200 https://registry.npmjs.org/string-width/-/string-width-4.2.3.tgz 1430ms (cache miss)
599 timing reifyNode:node_modules/string-width Completed in 1537ms
600 http fetch GET 200 https://registry.npmjs.org/require-directory/-/require-directory-2.1.1.tgz 1433ms (cache miss)
601 timing reifyNode:node_modules/require-directory Completed in 1542ms
602 http fetch GET 200 https://registry.npmjs.org/cliui/-/cliui-8.0.1.tgz 1433ms (cache miss)
603 http fetch GET 200 https://registry.npmjs.org/y18n/-/y18n-5.0.8.tgz 1482ms (cache miss)
604 timing reifyNode:node_modules/emoji-regex Completed in 1597ms
605 http fetch GET 200 https://registry.npmjs.org/@protobufjs/pool/-/pool-1.1.0.tgz 1473ms (cache miss)
606 timing reifyNode:node_modules/@protobufjs/pool Completed in 1596ms
607 http fetch GET 200 https://registry.npmjs.org/@protobufjs/inquire/-/inquire-1.1.0.tgz 1472ms (cache miss)
608 http fetch GET 200 https://registry.npmjs.org/@protobufjs/path/-/path-1.1.2.tgz 1470ms (cache miss)
609 timing reifyNode:node_modules/@protobufjs/path Completed in 1597ms
610 http fetch GET 200 https://registry.npmjs.org/@protobufjs/float/-/float-1.0.2.tgz 1468ms (cache miss)
611 http fetch GET 200 https://registry.npmjs.org/@protobufjs/fetch/-/fetch-1.1.0.tgz 1466ms (cache miss)
612 timing reifyNode:node_modules/@protobufjs/fetch Completed in 1598ms
613 http fetch GET 200 https://registry.npmjs.org/@protobufjs/eventemitter/-/eventemitter-1.1.0.tgz 1448ms (cache miss)
614 timing reifyNode:node_modules/@protobufjs/eventemitter Completed in 1598ms
615 http fetch GET 200 https://registry.npmjs.org/http-parser-js/-/http-parser-js-0.5.8.tgz 1484ms (cache miss)
616 timing reifyNode:node_modules/http-parser-js Completed in 1600ms
617 http fetch GET 200 https://registry.npmjs.org/@protobufjs/utf8/-/utf8-1.1.0.tgz 1480ms (cache miss)
618 timing reifyNode:node_modules/wrap-ansi/node_modules/color-convert Completed in 1637ms
619 timing reifyNode:node_modules/@protobufjs/utf8 Completed in 1636ms
620 http fetch GET 200 https://registry.npmjs.org/@firebase/storage-types/-/storage-types-0.8.2.tgz 1478ms (cache miss)
621 timing reifyNode:node_modules/@firebase/storage-types Completed in 1643ms
622 timing reifyNode:node_modules/@protobufjs/float Completed in 1666ms
623 http fetch GET 200 https://registry.npmjs.org/lodash.camelcase/-/lodash.camelcase-4.3.0.tgz 1503ms (cache miss)
624 timing reifyNode:node_modules/lodash.camelcase Completed in 1666ms
625 http fetch GET 200 https://registry.npmjs.org/@protobufjs/codegen/-/codegen-2.0.4.tgz 1515ms (cache miss)
626 timing reifyNode:node_modules/@protobufjs/codegen Completed in 1668ms
627 http fetch GET 200 https://registry.npmjs.org/@protobufjs/base64/-/base64-1.1.2.tgz 1514ms (cache miss)
628 timing reifyNode:node_modules/@protobufjs/base64 Completed in 1668ms
629 http fetch GET 200 https://registry.npmjs.org/@protobufjs/aspromise/-/aspromise-1.1.2.tgz 1513ms (cache miss)
630 timing reifyNode:node_modules/@protobufjs/aspromise Completed in 1669ms
631 timing reifyNode:node_modules/cliui Completed in 1670ms
632 http fetch GET 200 https://registry.npmjs.org/@firebase/remote-config-types/-/remote-config-types-0.3.2.tgz 1507ms (cache miss)
633 timing reifyNode:node_modules/@firebase/remote-config-types Completed in 1675ms
634 http fetch GET 200 https://registry.npmjs.org/@firebase/functions-types/-/functions-types-0.6.2.tgz 1502ms (cache miss)
635 timing reifyNode:node_modules/@firebase/functions-types Completed in 1674ms
636 http fetch GET 200 https://registry.npmjs.org/@firebase/installations-types/-/installations-types-0.5.2.tgz 1505ms (cache miss)
637 timing reifyNode:node_modules/@firebase/installations-types Completed in 1675ms
638 http fetch GET 200 https://registry.npmjs.org/@firebase/messaging-interop-types/-/messaging-interop-types-0.2.2.tgz 1502ms (cache miss)
639 timing reifyNode:node_modules/@firebase/messaging-interop-types Completed in 1675ms
640 http fetch GET 200 https://registry.npmjs.org/@firebase/firestore-types/-/firestore-types-3.0.2.tgz 1500ms (cache miss)
641 timing reifyNode:node_modules/@firebase/firestore-types Completed in 1675ms
642 http fetch GET 200 https://registry.npmjs.org/faye-websocket/-/faye-websocket-0.11.4.tgz 1493ms (cache miss)
643 http fetch GET 200 https://registry.npmjs.org/get-caller-file/-/get-caller-file-2.0.5.tgz 1577ms (cache miss)
644 timing reifyNode:node_modules/get-caller-file Completed in 1687ms
645 timing reifyNode:node_modules/y18n Completed in 1688ms
646 timing reifyNode:node_modules/@protobufjs/inquire Completed in 1686ms
647 http fetch GET 200 https://registry.npmjs.org/@firebase/database-types/-/database-types-1.0.3.tgz 1532ms (cache miss)
648 timing reifyNode:node_modules/@firebase/database-types Completed in 1715ms
649 http fetch GET 200 https://registry.npmjs.org/@firebase/auth-interop-types/-/auth-interop-types-0.2.3.tgz 1530ms (cache miss)
650 timing reifyNode:node_modules/@firebase/auth-interop-types Completed in 1715ms
651 http fetch GET 200 https://registry.npmjs.org/@firebase/app-check-interop-types/-/app-check-interop-types-0.3.2.tgz 1528ms (cache miss)
652 timing reifyNode:node_modules/@firebase/app-check-interop-types Completed in 1715ms
653 http fetch GET 200 https://registry.npmjs.org/tslib/-/tslib-2.6.2.tgz 1536ms (cache miss)
654 http fetch GET 200 https://registry.npmjs.org/@firebase/app-check-types/-/app-check-types-0.5.2.tgz 1542ms (cache miss)
655 timing reifyNode:node_modules/@firebase/app-check-types Completed in 1731ms
656 http fetch GET 200 https://registry.npmjs.org/@firebase/analytics-types/-/analytics-types-0.8.2.tgz 1535ms (cache miss)
657 timing reifyNode:node_modules/@firebase/analytics-types Completed in 1731ms
658 http fetch GET 200 https://registry.npmjs.org/@firebase/auth-types/-/auth-types-0.12.2.tgz 1544ms (cache miss)
659 timing reifyNode:node_modules/@firebase/auth-types Completed in 1733ms
660 http fetch GET 200 https://registry.npmjs.org/@firebase/logger/-/logger-0.4.2.tgz 1539ms (cache miss)
661 http fetch GET 200 https://registry.npmjs.org/@firebase/remote-config-compat/-/remote-config-compat-0.2.7.tgz 1504ms (cache miss)
662 http fetch GET 200 https://registry.npmjs.org/@firebase/messaging-compat/-/messaging-compat-0.2.9.tgz 1506ms (cache miss)
663 http fetch GET 200 https://registry.npmjs.org/@firebase/installations-compat/-/installations-compat-0.2.7.tgz 1526ms (cache miss)
664 http fetch GET 200 https://registry.npmjs.org/@firebase/functions-compat/-/functions-compat-0.3.11.tgz 1522ms (cache miss)
665 http fetch GET 200 https://registry.npmjs.org/@firebase/app-check-compat/-/app-check-compat-0.3.11.tgz 1510ms (cache miss)
666 http fetch GET 200 https://registry.npmjs.org/@firebase/app-types/-/app-types-0.9.2.tgz 1530ms (cache miss)
667 timing reifyNode:node_modules/@firebase/app-types Completed in 1777ms
668 http fetch GET 200 https://registry.npmjs.org/@firebase/performance-types/-/performance-types-0.2.2.tgz 1615ms (cache miss)
669 timing reifyNode:node_modules/@firebase/performance-types Completed in 1785ms
670 http fetch GET 200 https://registry.npmjs.org/@firebase/analytics-compat/-/analytics-compat-0.2.10.tgz 1523ms (cache miss)
671 http fetch GET 200 https://registry.npmjs.org/@firebase/performance-compat/-/performance-compat-0.2.7.tgz 1548ms (cache miss)
672 timing reifyNode:node_modules/websocket-extensions Completed in 1813ms
673 http fetch GET 200 https://registry.npmjs.org/yargs-parser/-/yargs-parser-21.1.1.tgz 1717ms (cache miss)
674 http fetch GET 200 https://registry.npmjs.org/long/-/long-5.2.3.tgz 1665ms (cache miss)
675 timing reifyNode:node_modules/yargs-parser Completed in 1893ms
676 timing reifyNode:node_modules/long Completed in 1891ms
677 timing reifyNode:node_modules/faye-websocket Completed in 2009ms
678 timing reifyNode:node_modules/tslib Completed in 2008ms
679 http fetch GET 200 https://registry.npmjs.org/@grpc/proto-loader/-/proto-loader-0.7.13.tgz 1842ms (cache miss)
680 timing reifyNode:node_modules/@grpc/proto-loader Completed in 2055ms
681 timing reifyNode:node_modules/@firebase/performance-compat Completed in 2059ms
682 http fetch GET 200 https://registry.npmjs.org/idb/-/idb-7.1.1.tgz 1883ms (cache miss)
683 timing reifyNode:node_modules/@firebase/installations-compat Completed in 2098ms
684 timing reifyNode:node_modules/@firebase/messaging-compat Completed in 2106ms
685 timing reifyNode:node_modules/idb Completed in 2131ms
686 timing reifyNode:node_modules/@firebase/app-check-compat Completed in 2129ms
687 http fetch GET 200 https://registry.npmjs.org/websocket-driver/-/websocket-driver-0.7.4.tgz 1981ms (cache miss)
688 timing reifyNode:node_modules/@firebase/analytics-compat Completed in 2130ms
689 timing reifyNode:node_modules/@firebase/logger Completed in 2139ms
690 timing reifyNode:node_modules/@firebase/remote-config-compat Completed in 2141ms
691 timing reifyNode:node_modules/websocket-driver Completed in 2159ms
692 http fetch GET 200 https://registry.npmjs.org/@fastify/busboy/-/busboy-2.1.1.tgz 2050ms (cache miss)
693 timing reifyNode:node_modules/@fastify/busboy Completed in 2197ms
694 timing reifyNode:node_modules/@firebase/functions-compat Completed in 2191ms
695 timing reifyNode:node_modules/undici-types Completed in 2202ms
696 http fetch GET 200 https://registry.npmjs.org/@firebase/component/-/component-0.6.7.tgz 2142ms (cache miss)
697 timing reifyNode:node_modules/@firebase/component Completed in 2375ms
698 http fetch GET 200 https://registry.npmjs.org/@firebase/webchannel-wrapper/-/webchannel-wrapper-1.0.0.tgz 2259ms (cache miss)
699 timing reifyNode:node_modules/@firebase/webchannel-wrapper Completed in 2450ms
700 http fetch GET 200 https://registry.npmjs.org/@firebase/storage-compat/-/storage-compat-0.3.8.tgz 2319ms (cache miss)
701 timing reifyNode:node_modules/@firebase/storage-compat Completed in 2568ms
702 http fetch GET 200 https://registry.npmjs.org/@firebase/app-compat/-/app-compat-0.2.34.tgz 2377ms (cache miss)
703 timing reifyNode:node_modules/@firebase/app-compat Completed in 2652ms
704 http fetch GET 200 https://registry.npmjs.org/@firebase/functions/-/functions-0.11.5.tgz 2427ms (cache miss)
705 timing reifyNode:node_modules/@firebase/functions Completed in 2713ms
706 http fetch GET 200 https://registry.npmjs.org/yargs/-/yargs-17.7.2.tgz 2690ms (cache miss)
707 timing reifyNode:node_modules/yargs Completed in 2889ms
708 http fetch GET 200 https://registry.npmjs.org/@firebase/app/-/app-0.10.4.tgz 2738ms (cache miss)
709 timing reifyNode:node_modules/@firebase/app Completed in 3031ms
710 http fetch GET 200 https://registry.npmjs.org/@firebase/remote-config/-/remote-config-0.4.7.tgz 2854ms (cache miss)
711 http fetch GET 200 https://registry.npmjs.org/@firebase/analytics/-/analytics-0.10.4.tgz 2839ms (cache miss)
712 timing reifyNode:node_modules/@firebase/remote-config Completed in 3103ms
713 timing reifyNode:node_modules/@firebase/analytics Completed in 3120ms
714 http fetch GET 200 https://registry.npmjs.org/@firebase/app-check/-/app-check-0.8.4.tgz 2891ms (cache miss)
715 timing reifyNode:node_modules/@firebase/app-check Completed in 3163ms
716 http fetch GET 200 https://registry.npmjs.org/@firebase/performance/-/performance-0.6.7.tgz 3061ms (cache miss)
717 timing reifyNode:node_modules/@firebase/performance Completed in 3313ms
718 http fetch GET 200 https://registry.npmjs.org/@firebase/firestore-compat/-/firestore-compat-0.3.32.tgz 3202ms (cache miss)
719 http fetch GET 200 https://registry.npmjs.org/@firebase/vertexai-preview/-/vertexai-preview-0.0.1.tgz 3254ms (cache miss)
720 timing reifyNode:node_modules/@firebase/firestore-compat Completed in 3462ms
721 timing reifyNode:node_modules/@firebase/vertexai-preview Completed in 3472ms
722 http fetch GET 200 https://registry.npmjs.org/@firebase/installations/-/installations-0.6.7.tgz 3254ms (cache miss)
723 timing reifyNode:node_modules/@firebase/installations Completed in 3500ms
724 http fetch GET 200 https://registry.npmjs.org/@firebase/util/-/util-1.9.6.tgz 3309ms (cache miss)
725 timing reifyNode:node_modules/@firebase/util Completed in 3544ms
726 http fetch GET 200 https://registry.npmjs.org/@firebase/auth-compat/-/auth-compat-0.5.8.tgz 3393ms (cache miss)
727 timing reifyNode:node_modules/@firebase/auth-compat Completed in 3651ms
728 timing reifyNode:node_modules/@types/node Completed in 3732ms
729 http fetch GET 200 https://registry.npmjs.org/@firebase/messaging/-/messaging-0.12.9.tgz 3536ms (cache miss)
730 timing reifyNode:node_modules/@firebase/messaging Completed in 3780ms
731 http fetch GET 200 https://registry.npmjs.org/@firebase/database-compat/-/database-compat-1.0.5.tgz 3730ms (cache miss)
732 timing reifyNode:node_modules/@firebase/database-compat Completed in 3996ms
733 http fetch GET 200 https://registry.npmjs.org/protobufjs/-/protobufjs-7.3.0.tgz 3937ms (cache miss)
734 http fetch GET 200 https://registry.npmjs.org/undici/-/undici-5.28.4.tgz 3911ms (cache miss)
735 timing reifyNode:node_modules/undici Completed in 4097ms
736 timing reifyNode:node_modules/protobufjs Completed in 4115ms
737 http fetch GET 200 https://registry.npmjs.org/@firebase/storage/-/storage-0.12.5.tgz 4210ms (cache miss)
738 timing reifyNode:node_modules/@firebase/storage Completed in 4441ms
739 http fetch GET 200 https://registry.npmjs.org/@grpc/grpc-js/-/grpc-js-1.9.14.tgz 5258ms (cache miss)
740 timing reifyNode:node_modules/@grpc/grpc-js Completed in 5445ms
741 http fetch GET 200 https://registry.npmjs.org/@firebase/database/-/database-1.0.5.tgz 5833ms (cache miss)
742 timing reifyNode:node_modules/@firebase/database Completed in 6079ms
743 http fetch GET 200 https://registry.npmjs.org/@firebase/firestore/-/firestore-4.6.3.tgz 14585ms (cache miss)
744 timing reifyNode:node_modules/@firebase/firestore Completed in 14832ms
745 http fetch GET 200 https://registry.npmjs.org/@firebase/auth/-/auth-1.7.3.tgz 15873ms (cache miss)
746 timing reifyNode:node_modules/firebase/node_modules/@firebase/auth Completed in 16405ms
747 http fetch GET 200 https://registry.npmjs.org/@firebase/auth/-/auth-1.7.3.tgz 15960ms (cache miss)
748 timing reifyNode:node_modules/@firebase/auth-compat/node_modules/@firebase/auth Completed in 16491ms
749 http fetch GET 200 https://registry.npmjs.org/firebase/-/firebase-10.12.1.tgz 17568ms (cache miss)
750 timing reifyNode:node_modules/firebase Completed in 17829ms
751 timing reify:unpack Completed in 17843ms
752 timing reify:unretire Completed in 0ms
753 timing build:queue Completed in 6ms
754 timing build:link:node_modules/@grpc/proto-loader Completed in 3ms
755 timing build:link Completed in 3ms
756 info run protobufjs@7.3.0 postinstall node_modules/protobufjs node scripts/postinstall
757 info run protobufjs@7.3.0 postinstall { code: 0, signal: null }
758 timing build:run:postinstall:node_modules/protobufjs Completed in 113ms
759 timing build:run:postinstall Completed in 114ms
760 timing build:deps Completed in 124ms
761 timing build Completed in 126ms
762 timing reify:build Completed in 127ms
763 timing reify:trash Completed in 17ms
764 timing reify:save Completed in 282ms
765 timing reify Completed in 28943ms
766 silly ADD node_modules/is-fullwidth-code-point
767 silly ADD node_modules/emoji-regex
768 silly ADD node_modules/wrap-ansi
769 silly ADD node_modules/wrap-ansi/node_modules/color-name
770 silly ADD node_modules/wrap-ansi/node_modules/color-convert
771 silly ADD node_modules/wrap-ansi/node_modules/ansi-styles
772 silly ADD node_modules/yargs-parser
773 silly ADD node_modules/y18n
774 silly ADD node_modules/string-width
775 silly ADD node_modules/require-directory
776 silly ADD node_modules/get-caller-file
777 silly ADD node_modules/cliui
778 silly ADD node_modules/websocket-extensions
779 silly ADD node_modules/safe-buffer
780 silly ADD node_modules/http-parser-js
781 silly ADD node_modules/@fastify/busboy
782 silly ADD node_modules/@protobufjs/utf8
783 silly ADD node_modules/@protobufjs/pool
784 silly ADD node_modules/@protobufjs/path
785 silly ADD node_modules/@protobufjs/inquire
786 silly ADD node_modules/@protobufjs/float
787 silly ADD node_modules/@protobufjs/fetch
788 silly ADD node_modules/@protobufjs/eventemitter
789 silly ADD node_modules/@protobufjs/codegen
790 silly ADD node_modules/@protobufjs/base64
791 silly ADD node_modules/@protobufjs/aspromise
792 silly ADD node_modules/websocket-driver
793 silly ADD node_modules/undici-types
794 silly ADD node_modules/yargs
795 silly ADD node_modules/protobufjs
796 silly ADD node_modules/long
797 silly ADD node_modules/lodash.camelcase
798 silly ADD node_modules/@types/node
799 silly ADD node_modules/@firebase/storage-types
800 silly ADD node_modules/@firebase/remote-config-types
801 silly ADD node_modules/@firebase/performance-types
802 silly ADD node_modules/@firebase/installations-types
803 silly ADD node_modules/@firebase/functions-types
804 silly ADD node_modules/@firebase/messaging-interop-types
805 silly ADD node_modules/@firebase/firestore-types
806 silly ADD node_modules/@grpc/proto-loader
807 silly ADD node_modules/@grpc/grpc-js
808 silly ADD node_modules/@firebase/webchannel-wrapper
809 silly ADD node_modules/@firebase/database-types
810 silly ADD node_modules/faye-websocket
811 silly ADD node_modules/@firebase/auth-interop-types
812 silly ADD node_modules/@firebase/app-check-interop-types
813 silly ADD node_modules/undici
814 silly ADD node_modules/@firebase/auth-types
815 silly ADD node_modules/@firebase/app-check-types
816 silly ADD node_modules/idb
817 silly ADD node_modules/@firebase/analytics-types
818 silly ADD node_modules/tslib
819 silly ADD node_modules/@firebase/logger
820 silly ADD node_modules/@firebase/component
821 silly ADD node_modules/@firebase/vertexai-preview
822 silly ADD node_modules/@firebase/util
823 silly ADD node_modules/@firebase/storage-compat
824 silly ADD node_modules/@firebase/storage
825 silly ADD node_modules/@firebase/remote-config-compat
826 silly ADD node_modules/@firebase/remote-config
827 silly ADD node_modules/@firebase/performance-compat
828 silly ADD node_modules/@firebase/performance
829 silly ADD node_modules/@firebase/messaging-compat
830 silly ADD node_modules/@firebase/messaging
831 silly ADD node_modules/@firebase/installations-compat
832 silly ADD node_modules/@firebase/installations
833 silly ADD node_modules/@firebase/functions-compat
834 silly ADD node_modules/@firebase/functions
835 silly ADD node_modules/@firebase/firestore-compat
836 silly ADD node_modules/@firebase/firestore
837 silly ADD node_modules/@firebase/database-compat
838 silly ADD node_modules/@firebase/database
839 silly ADD node_modules/@firebase/auth-compat
840 silly ADD node_modules/@firebase/auth-compat/node_modules/@firebase/auth
841 silly ADD node_modules/@firebase/app-types
842 silly ADD node_modules/@firebase/app-check-compat
843 silly ADD node_modules/@firebase/app-check
844 silly ADD node_modules/@firebase/app-compat
845 silly ADD node_modules/@firebase/analytics-compat
846 silly ADD node_modules/@firebase/app
847 silly ADD node_modules/@firebase/analytics
848 silly ADD node_modules/firebase
849 silly ADD node_modules/firebase/node_modules/@firebase/auth
850 silly ADD
851 silly ADD
852 silly ADD
853 silly ADD
854 silly ADD
855 silly ADD
856 silly ADD
857 silly ADD
858 silly ADD
859 silly ADD
860 silly ADD
861 silly ADD
862 silly ADD
863 silly ADD
864 silly ADD
865 silly ADD
866 silly ADD
867 silly ADD
868 silly ADD
869 silly ADD
870 silly ADD
871 silly ADD
872 silly ADD
873 silly ADD
874 silly ADD
875 silly ADD
876 silly ADD
877 silly ADD
878 silly ADD
879 silly ADD
880 silly ADD
881 silly ADD
882 silly ADD
883 silly ADD
884 silly ADD
885 silly ADD
886 silly ADD
887 timing command:install Completed in 28967ms
888 verbose exit 0
889 timing npm Completed in 29513ms
890 info ok
