0 verbose cli /nix/store/i7vxb8jy213fz81kj0gyh06f9aq8mwn2-nodejs-20.11.1/bin/node /usr/bin/npm
1 info using npm@10.2.4
2 info using node@v20.11.1
3 timing npm:load:whichnode Completed in 13ms
4 timing config:load:defaults Completed in 2ms
5 timing config:load:file:/nix/store/i7vxb8jy213fz81kj0gyh06f9aq8mwn2-nodejs-20.11.1/lib/node_modules/npm/npmrc Completed in 0ms
6 timing config:load:builtin Completed in 1ms
7 timing config:load:cli Completed in 6ms
8 timing config:load:env Completed in 1ms
9 timing config:load:file:/home/user/.cache/typescript/5.2/.npmrc Completed in 0ms
10 timing config:load:project Completed in 2ms
11 timing config:load:file:/home/user/.npmrc Completed in 0ms
12 timing config:load:user Completed in 0ms
13 timing config:load:file:/google/idx/.npmrc Completed in 0ms
14 timing config:load:global Completed in 0ms
15 timing config:load:setEnvs Completed in 2ms
16 timing config:load Completed in 16ms
17 timing npm:load:configload Completed in 16ms
18 timing config:load:flatten Completed in 22ms
19 timing npm:load:mkdirpcache Completed in 32ms
20 timing npm:load:mkdirplogs Completed in 19ms
21 verbose title npm install @types/node@ts5.2
22 verbose argv "install" "--ignore-scripts" "@types/node@ts5.2" "--save-dev" "--user-agent" "typesInstaller/5.2.2"
23 timing npm:load:setTitle Completed in 1ms
24 timing npm:load:display Completed in 2ms
25 verbose logfile logs-max:10 dir:/home/user/.npm/_logs/2024-05-23T20_46_45_857Z-
26 verbose logfile /home/user/.npm/_logs/2024-05-23T20_46_45_857Z-debug-0.log
27 timing npm:load:logFile Completed in 28ms
28 timing npm:load:timers Completed in 0ms
29 timing npm:load:configScope Completed in 0ms
30 timing npm:load Completed in 192ms
31 timing arborist:ctor Completed in 1ms
32 silly logfile done cleaning log files
33 timing idealTree:init Completed in 29ms
34 timing arborist:ctor Completed in 0ms
35 http fetch GET 200 https://registry.npmjs.org/@types%2fnode 43ms (cache hit)
36 timing idealTree:userRequests Completed in 64ms
37 silly idealTree buildDeps
38 silly fetch manifest @types/node@20.12.12
39 silly placeDep ROOT @types/node@20.12.12 OK for:  want: 20.12.12
40 silly fetch manifest undici-types@~5.26.4
41 http fetch GET 200 https://registry.npmjs.org/undici-types 143ms (cache miss)
42 timing idealTree:#root Completed in 157ms
43 silly placeDep ROOT undici-types@5.26.5 OK for: @types/node@20.12.12 want: ~5.26.4
44 timing idealTree:node_modules/@types/node Completed in 3ms
45 timing idealTree:node_modules/undici-types Completed in 0ms
46 timing idealTree:buildDeps Completed in 162ms
47 timing idealTree:fixDepFlags Completed in 0ms
48 timing idealTree Completed in 259ms
49 timing reify:loadTrees Completed in 261ms
50 timing reify:diffTrees Completed in 2ms
51 silly reify moves {}
52 timing reify:retireShallow Completed in 1ms
53 timing reify:createSparse Completed in 3ms
54 timing reify:loadBundles Completed in 0ms
55 silly audit bulk request {
55 silly audit   '@types/eslint': [ '8.56.10' ],
55 silly audit   '@types/estree': [ '1.0.5' ],
55 silly audit   '@types/json-schema': [ '7.0.15' ],
55 silly audit   '@types/prop-types': [ '15.7.12' ],
55 silly audit   '@types/react': [ '18.3.3' ],
55 silly audit   '@types/react-dom': [ '18.3.0' ],
55 silly audit   csstype: [ '3.1.3' ],
55 silly audit   'types-registry': [ '0.1.685' ],
55 silly audit   '@types/node': [ '20.12.12' ],
55 silly audit   'undici-types': [ '5.26.5' ]
55 silly audit }
56 silly tarball no local data for undici-types@https://registry.npmjs.org/undici-types/-/undici-types-5.26.5.tgz. Extracting by manifest.
57 silly tarball no local data for @types/node@https://registry.npmjs.org/@types/node/-/node-20.12.12.tgz. Extracting by manifest.
58 http fetch POST 200 https://registry.npmjs.org/-/npm/v1/security/advisories/bulk 189ms
59 timing auditReport:getReport Completed in 194ms
60 silly audit report {}
61 timing auditReport:init Completed in 0ms
62 timing reify:audit Completed in 195ms
63 http fetch GET 200 https://registry.npmjs.org/undici-types/-/undici-types-5.26.5.tgz 200ms (cache miss)
64 timing reifyNode:node_modules/undici-types Completed in 212ms
65 http fetch GET 200 https://registry.npmjs.org/@types/node/-/node-20.12.12.tgz 293ms (cache miss)
66 timing reifyNode:node_modules/@types/node Completed in 309ms
67 timing reify:unpack Completed in 309ms
68 timing reify:unretire Completed in 0ms
69 timing build:queue Completed in 0ms
70 timing build:deps Completed in 1ms
71 timing build Completed in 2ms
72 timing reify:build Completed in 2ms
73 timing reify:trash Completed in 0ms
74 timing reify:save Completed in 13ms
75 timing reify Completed in 615ms
76 silly ADD node_modules/undici-types
77 silly ADD node_modules/@types/node
78 timing command:install Completed in 626ms
79 verbose exit 0
80 timing npm Completed in 1235ms
81 info ok
