0 verbose cli /nix/store/i7vxb8jy213fz81kj0gyh06f9aq8mwn2-nodejs-20.11.1/bin/node /usr/bin/npm
1 info using npm@10.2.4
2 info using node@v20.11.1
3 timing npm:load:whichnode Completed in 13ms
4 timing config:load:defaults Completed in 3ms
5 timing config:load:file:/nix/store/i7vxb8jy213fz81kj0gyh06f9aq8mwn2-nodejs-20.11.1/lib/node_modules/npm/npmrc Completed in 7ms
6 timing config:load:builtin Completed in 8ms
7 timing config:load:cli Completed in 5ms
8 timing config:load:env Completed in 1ms
9 timing config:load:file:/home/user/.cache/typescript/5.2/.npmrc Completed in 0ms
10 timing config:load:project Completed in 8ms
11 timing config:load:file:/home/user/.npmrc Completed in 0ms
12 timing config:load:user Completed in 1ms
13 timing config:load:file:/google/idx/.npmrc Completed in 5ms
14 timing config:load:global Completed in 5ms
15 timing config:load:setEnvs Completed in 2ms
16 timing config:load Completed in 34ms
17 timing npm:load:configload Completed in 35ms
18 timing config:load:flatten Completed in 13ms
19 timing npm:load:mkdirpcache Completed in 34ms
20 timing npm:load:mkdirplogs Completed in 26ms
21 verbose title npm install @types/react@ts5.2 @types/react-dom@ts5.2 @types/eslint@ts5.2
22 verbose argv "install" "--ignore-scripts" "@types/react@ts5.2" "@types/react-dom@ts5.2" "@types/eslint@ts5.2" "--save-dev" "--user-agent" "typesInstaller/5.2.2"
23 timing npm:load:setTitle Completed in 3ms
24 timing npm:load:display Completed in 5ms
25 verbose logfile logs-max:10 dir:/home/user/.npm/_logs/2024-05-24T18_07_40_859Z-
26 verbose logfile /home/user/.npm/_logs/2024-05-24T18_07_40_859Z-debug-0.log
27 timing npm:load:logFile Completed in 38ms
28 timing npm:load:timers Completed in 0ms
29 timing npm:load:configScope Completed in 0ms
30 timing npm:load Completed in 292ms
31 timing arborist:ctor Completed in 2ms
32 silly logfile done cleaning log files
33 timing idealTree:init Completed in 36ms
34 timing arborist:ctor Completed in 0ms
35 http fetch GET 200 https://registry.npmjs.org/@types%2feslint 193ms (cache revalidated)
36 http fetch GET 200 https://registry.npmjs.org/@types%2freact 203ms (cache revalidated)
37 http fetch GET 200 https://registry.npmjs.org/@types%2freact-dom 480ms (cache revalidated)
38 timing idealTree:userRequests Completed in 491ms
39 silly idealTree buildDeps
40 silly fetch manifest @types/eslint@8.56.10
41 silly fetch manifest @types/react@18.3.3
42 silly fetch manifest @types/react-dom@18.3.0
43 silly placeDep ROOT @types/eslint@8.56.10 REPLACE for:  want: 8.56.10
44 silly placeDep ROOT @types/react@18.3.3 REPLACE for:  want: 18.3.3
45 silly placeDep ROOT @types/react-dom@18.3.0 REPLACE for:  want: 18.3.0
46 timing idealTree:#root Completed in 15ms
47 timing idealTree:node_modules/@types/eslint Completed in 0ms
48 timing idealTree:node_modules/@types/react Completed in 0ms
49 timing idealTree:node_modules/@types/react-dom Completed in 0ms
50 timing idealTree:buildDeps Completed in 17ms
51 timing idealTree:fixDepFlags Completed in 1ms
52 timing idealTree Completed in 547ms
53 timing reify:loadTrees Completed in 549ms
54 timing reify:diffTrees Completed in 2ms
55 silly reify moves {}
56 timing reify:retireShallow Completed in 1ms
57 timing reify:createSparse Completed in 0ms
58 timing reify:loadBundles Completed in 0ms
59 silly audit bulk request {
59 silly audit   '@types/estree': [ '1.0.5' ],
59 silly audit   '@types/json-schema': [ '7.0.15' ],
59 silly audit   '@types/node': [ '20.12.12' ],
59 silly audit   '@types/prop-types': [ '15.7.12' ],
59 silly audit   csstype: [ '3.1.3' ],
59 silly audit   'types-registry': [ '0.1.685' ],
59 silly audit   'undici-types': [ '5.26.5' ],
59 silly audit   '@types/eslint': [ '8.56.10' ],
59 silly audit   '@types/react': [ '18.3.3' ],
59 silly audit   '@types/react-dom': [ '18.3.0' ]
59 silly audit }
60 timing reify:unpack Completed in 1ms
61 timing reify:unretire Completed in 0ms
62 timing build:queue Completed in 0ms
63 timing build:deps Completed in 0ms
64 timing build Completed in 1ms
65 timing reify:build Completed in 1ms
66 timing reify:trash Completed in 0ms
67 timing reify:save Completed in 24ms
68 http fetch POST 200 https://registry.npmjs.org/-/npm/v1/security/advisories/bulk 173ms
69 timing auditReport:getReport Completed in 175ms
70 silly audit report {}
71 timing auditReport:init Completed in 0ms
72 timing reify:audit Completed in 176ms
73 timing reify Completed in 742ms
74 timing command:install Completed in 753ms
75 verbose exit 0
76 timing npm Completed in 1530ms
77 info ok
